
======================================================================
▶ EVENT LOG :: [TRAIN] :: [FAISS BUILD] :: epoch= 1

----------------------------------------------------------------------
		Message     : FAISS built from dictionary embs 

		Event elapsed time: 35.37 seconds
		CPU Memory  : 1401.6 MB
		GPU MEMORY STATS: free/total = 21723.7/24210.3MB - allocated/peak allocated = 421.8/7360.9MB - reserved/peak reserved = 468.0/10370.0MB
----------------------------------------------------------------------
■ EVENT LOG END :: FAISS BUILD
======================================================================


======================================================================
▶ EVENT LOG :: [TRAIN] :: [FAISS SEARCH]

----------------------------------------------------------------------
		Message     : FAISS searched the candidates and resulted candidates_idxs with shape=(5689, 20) 

		Event elapsed time: 1.01 seconds
		CPU Memory  : 1454.8 MB
		GPU MEMORY STATS: free/total = 11821.7/24210.3MB - allocated/peak allocated = 421.8/7360.9MB - reserved/peak reserved = 10370.0/10370.0MB
----------------------------------------------------------------------
■ EVENT LOG END :: FAISS SEARCH
======================================================================


======================================================================
▶ EVENT LOG :: [TRAIN] :: [Faiss recall] :: epoch= 1

----------------------------------------------------------------------
		Message     : faiss recall@20: 0.1738. faiss recall@5: 0.0905 

----------------------------------------------------------------------
■ EVENT LOG END :: Faiss recall
======================================================================


======================================================================
▶ EVENT LOG :: [TRAIN] :: [Epoch summary] :: epoch= 1

----------------------------------------------------------------------
		Message     : Epoch average loss=1.216, average margin=-0.4608, average mrr=0.1398, average accuracy@5=0.1576.   loss_temp=0.060 

		Event elapsed time: 55.20 seconds
		CPU Memory  : 1794.8 MB
		GPU MEMORY STATS: free/total = 11723.7/24210.3MB - allocated/peak allocated = 1189.2/8760.5MB - reserved/peak reserved = 10458.0/10458.0MB
----------------------------------------------------------------------
■ EVENT LOG END :: Epoch summary
======================================================================


======================================================================
▶ EVENT LOG :: [TRAIN] :: [FAISS BUILD] :: epoch= 2

----------------------------------------------------------------------
		Message     : FAISS built from dictionary embs 

		Event elapsed time: 14.42 seconds
		CPU Memory  : 1799.1 MB
		GPU MEMORY STATS: free/total = 19881.7/24210.3MB - allocated/peak allocated = 1189.1/8143.8MB - reserved/peak reserved = 2300.0/11300.0MB
----------------------------------------------------------------------
■ EVENT LOG END :: FAISS BUILD
======================================================================


======================================================================
▶ EVENT LOG :: [TRAIN] :: [FAISS SEARCH]

----------------------------------------------------------------------
		Message     : FAISS searched the candidates and resulted candidates_idxs with shape=(5689, 20) 

		Event elapsed time: 0.99 seconds
		CPU Memory  : 1809.9 MB
		GPU MEMORY STATS: free/total = 10881.7/24210.3MB - allocated/peak allocated = 1189.1/8143.8MB - reserved/peak reserved = 11300.0/11300.0MB
----------------------------------------------------------------------
■ EVENT LOG END :: FAISS SEARCH
======================================================================


======================================================================
▶ EVENT LOG :: [TRAIN] :: [Faiss recall] :: epoch= 2

----------------------------------------------------------------------
		Message     : faiss recall@20: 0.6416. faiss recall@5: 0.5655 

----------------------------------------------------------------------
■ EVENT LOG END :: Faiss recall
======================================================================


======================================================================
▶ EVENT LOG :: [TRAIN] :: [Epoch summary] :: epoch= 2

----------------------------------------------------------------------
		Message     : Epoch average loss=0.391, average margin=0.0129, average mrr=0.6009, average accuracy@5=0.6264.   loss_temp=0.060 

		Event elapsed time: 55.78 seconds
		CPU Memory  : 1813.2 MB
		GPU MEMORY STATS: free/total = 10819.7/24210.3MB - allocated/peak allocated = 1264.6/9096.1MB - reserved/peak reserved = 11362.0/11362.0MB
----------------------------------------------------------------------
■ EVENT LOG END :: Epoch summary
======================================================================


======================================================================
▶ EVENT LOG :: [TRAIN] :: [FAISS BUILD] :: epoch= 3

----------------------------------------------------------------------
		Message     : FAISS built from dictionary embs 

		Event elapsed time: 14.41 seconds
		CPU Memory  : 1802.2 MB
		GPU MEMORY STATS: free/total = 18071.7/24210.3MB - allocated/peak allocated = 1264.5/8288.5MB - reserved/peak reserved = 4108.0/13108.0MB
----------------------------------------------------------------------
■ EVENT LOG END :: FAISS BUILD
======================================================================


======================================================================
▶ EVENT LOG :: [TRAIN] :: [FAISS SEARCH]

----------------------------------------------------------------------
		Message     : FAISS searched the candidates and resulted candidates_idxs with shape=(5689, 20) 

		Event elapsed time: 0.99 seconds
		CPU Memory  : 1814.0 MB
		GPU MEMORY STATS: free/total = 9071.7/24210.3MB - allocated/peak allocated = 1264.5/8288.5MB - reserved/peak reserved = 13108.0/13108.0MB
----------------------------------------------------------------------
■ EVENT LOG END :: FAISS SEARCH
======================================================================


======================================================================
▶ EVENT LOG :: [TRAIN] :: [Faiss recall] :: epoch= 3

----------------------------------------------------------------------
		Message     : faiss recall@20: 0.7694. faiss recall@5: 0.7212 

----------------------------------------------------------------------
■ EVENT LOG END :: Faiss recall
======================================================================


======================================================================
▶ EVENT LOG :: [TRAIN] :: [Epoch summary] :: epoch= 3

----------------------------------------------------------------------
		Message     : Epoch average loss=0.201, average margin=0.1593, average mrr=0.7437, average accuracy@5=0.7611.   loss_temp=0.060 

		Event elapsed time: 100.44 seconds
		CPU Memory  : 1814.3 MB
		GPU MEMORY STATS: free/total = 8997.7/24210.3MB - allocated/peak allocated = 1677.4/10776.4MB - reserved/peak reserved = 13182.0/13182.0MB
----------------------------------------------------------------------
■ EVENT LOG END :: Epoch summary
======================================================================


======================================================================
▶ EVENT LOG :: [TRAIN] :: [FAISS BUILD] :: epoch= 4

----------------------------------------------------------------------
		Message     : FAISS built from dictionary embs 

		Event elapsed time: 14.47 seconds
		CPU Memory  : 1801.9 MB
		GPU MEMORY STATS: free/total = 17175.7/24210.3MB - allocated/peak allocated = 1677.3/8706.9MB - reserved/peak reserved = 5006.0/14006.0MB
----------------------------------------------------------------------
■ EVENT LOG END :: FAISS BUILD
======================================================================


======================================================================
▶ EVENT LOG :: [TRAIN] :: [FAISS SEARCH]

----------------------------------------------------------------------
		Message     : FAISS searched the candidates and resulted candidates_idxs with shape=(5689, 20) 

		Event elapsed time: 1.00 seconds
		CPU Memory  : 1812.7 MB
		GPU MEMORY STATS: free/total = 8175.7/24210.3MB - allocated/peak allocated = 1677.3/8706.9MB - reserved/peak reserved = 14006.0/14006.0MB
----------------------------------------------------------------------
■ EVENT LOG END :: FAISS SEARCH
======================================================================


======================================================================
▶ EVENT LOG :: [TRAIN] :: [Faiss recall] :: epoch= 4

----------------------------------------------------------------------
		Message     : faiss recall@20: 0.8346. faiss recall@5: 0.8051 

----------------------------------------------------------------------
■ EVENT LOG END :: Faiss recall
======================================================================


======================================================================
▶ EVENT LOG :: [TRAIN] :: [Epoch summary] :: epoch= 4

----------------------------------------------------------------------
		Message     : Epoch average loss=0.138, average margin=0.2485, average mrr=0.8155, average accuracy@5=0.8275.   loss_temp=0.060 

		Event elapsed time: 61.81 seconds
		CPU Memory  : 1814.2 MB
		GPU MEMORY STATS: free/total = 8099.7/24210.3MB - allocated/peak allocated = 1677.4/10775.8MB - reserved/peak reserved = 14082.0/14082.0MB
----------------------------------------------------------------------
■ EVENT LOG END :: Epoch summary
======================================================================


======================================================================
▶ EVENT LOG :: [TRAIN] :: [FAISS BUILD] :: epoch= 5

----------------------------------------------------------------------
		Message     : FAISS built from dictionary embs 

		Event elapsed time: 14.56 seconds
		CPU Memory  : 1802.4 MB
		GPU MEMORY STATS: free/total = 17179.7/24210.3MB - allocated/peak allocated = 1677.3/8706.9MB - reserved/peak reserved = 5002.0/14002.0MB
----------------------------------------------------------------------
■ EVENT LOG END :: FAISS BUILD
======================================================================


======================================================================
▶ EVENT LOG :: [TRAIN] :: [FAISS SEARCH]

----------------------------------------------------------------------
		Message     : FAISS searched the candidates and resulted candidates_idxs with shape=(5689, 20) 

		Event elapsed time: 1.06 seconds
		CPU Memory  : 1814.3 MB
		GPU MEMORY STATS: free/total = 8179.7/24210.3MB - allocated/peak allocated = 1677.3/8706.9MB - reserved/peak reserved = 14002.0/14002.0MB
----------------------------------------------------------------------
■ EVENT LOG END :: FAISS SEARCH
======================================================================


======================================================================
▶ EVENT LOG :: [TRAIN] :: [Faiss recall] :: epoch= 5

----------------------------------------------------------------------
		Message     : faiss recall@20: 0.8763. faiss recall@5: 0.8631 

----------------------------------------------------------------------
■ EVENT LOG END :: Faiss recall
======================================================================


======================================================================
▶ EVENT LOG :: [TRAIN] :: [Epoch summary] :: epoch= 5

----------------------------------------------------------------------
		Message     : Epoch average loss=0.075, average margin=0.2871, average mrr=0.8649, average accuracy@5=0.8725.   loss_temp=0.060 

		Event elapsed time: 63.35 seconds
		CPU Memory  : 1814.4 MB
		GPU MEMORY STATS: free/total = 8099.7/24210.3MB - allocated/peak allocated = 1677.4/10775.8MB - reserved/peak reserved = 14082.0/14082.0MB
----------------------------------------------------------------------
■ EVENT LOG END :: Epoch summary
======================================================================


======================================================================
▶ EVENT LOG :: [TRAIN] :: [FAISS BUILD] :: epoch= 6

----------------------------------------------------------------------
		Message     : FAISS built from dictionary embs 

		Event elapsed time: 14.25 seconds
		CPU Memory  : 1801.9 MB
		GPU MEMORY STATS: free/total = 17179.7/24210.3MB - allocated/peak allocated = 1677.3/8706.9MB - reserved/peak reserved = 5002.0/14002.0MB
----------------------------------------------------------------------
■ EVENT LOG END :: FAISS BUILD
======================================================================


======================================================================
▶ EVENT LOG :: [TRAIN] :: [FAISS SEARCH]

----------------------------------------------------------------------
		Message     : FAISS searched the candidates and resulted candidates_idxs with shape=(5689, 20) 

		Event elapsed time: 0.98 seconds
		CPU Memory  : 1812.7 MB
		GPU MEMORY STATS: free/total = 8179.7/24210.3MB - allocated/peak allocated = 1677.3/8706.9MB - reserved/peak reserved = 14002.0/14002.0MB
----------------------------------------------------------------------
■ EVENT LOG END :: FAISS SEARCH
======================================================================


======================================================================
▶ EVENT LOG :: [TRAIN] :: [Faiss recall] :: epoch= 6

----------------------------------------------------------------------
		Message     : faiss recall@20: 0.8734. faiss recall@5: 0.8629 

----------------------------------------------------------------------
■ EVENT LOG END :: Faiss recall
======================================================================


======================================================================
▶ EVENT LOG :: [TRAIN] :: [Epoch summary] :: epoch= 6

----------------------------------------------------------------------
		Message     : Epoch average loss=0.052, average margin=0.3226, average mrr=0.8672, average accuracy@5=0.8705.   loss_temp=0.060 

		Event elapsed time: 61.91 seconds
		CPU Memory  : 1814.2 MB
		GPU MEMORY STATS: free/total = 8099.7/24210.3MB - allocated/peak allocated = 1677.4/10775.8MB - reserved/peak reserved = 14082.0/14082.0MB
----------------------------------------------------------------------
■ EVENT LOG END :: Epoch summary
======================================================================


======================================================================
▶ EVENT LOG :: [TRAIN] :: [FAISS BUILD] :: epoch= 7

----------------------------------------------------------------------
		Message     : FAISS built from dictionary embs 

		Event elapsed time: 14.32 seconds
		CPU Memory  : 1803.5 MB
		GPU MEMORY STATS: free/total = 17177.7/24210.3MB - allocated/peak allocated = 1677.3/8706.9MB - reserved/peak reserved = 5002.0/14002.0MB
----------------------------------------------------------------------
■ EVENT LOG END :: FAISS BUILD
======================================================================


======================================================================
▶ EVENT LOG :: [TRAIN] :: [FAISS SEARCH]

----------------------------------------------------------------------
		Message     : FAISS searched the candidates and resulted candidates_idxs with shape=(5689, 20) 

		Event elapsed time: 0.99 seconds
		CPU Memory  : 1814.2 MB
		GPU MEMORY STATS: free/total = 8177.7/24210.3MB - allocated/peak allocated = 1677.3/8706.9MB - reserved/peak reserved = 14002.0/14002.0MB
----------------------------------------------------------------------
■ EVENT LOG END :: FAISS SEARCH
======================================================================


======================================================================
▶ EVENT LOG :: [TRAIN] :: [Faiss recall] :: epoch= 7

----------------------------------------------------------------------
		Message     : faiss recall@20: 0.8879. faiss recall@5: 0.8801 

----------------------------------------------------------------------
■ EVENT LOG END :: Faiss recall
======================================================================


======================================================================
▶ EVENT LOG :: [TRAIN] :: [Epoch summary] :: epoch= 7

----------------------------------------------------------------------
		Message     : Epoch average loss=0.038, average margin=0.3476, average mrr=0.8826, average accuracy@5=0.8857.   loss_temp=0.060 

		Event elapsed time: 62.66 seconds
		CPU Memory  : 1814.5 MB
		GPU MEMORY STATS: free/total = 8097.7/24210.3MB - allocated/peak allocated = 1677.4/10775.8MB - reserved/peak reserved = 14082.0/14082.0MB
----------------------------------------------------------------------
■ EVENT LOG END :: Epoch summary
======================================================================


======================================================================
▶ EVENT LOG :: [TRAIN] :: [FAISS BUILD] :: epoch= 8

----------------------------------------------------------------------
		Message     : FAISS built from dictionary embs 

		Event elapsed time: 14.25 seconds
		CPU Memory  : 1802.5 MB
		GPU MEMORY STATS: free/total = 17177.7/24210.3MB - allocated/peak allocated = 1677.3/8706.9MB - reserved/peak reserved = 5002.0/14002.0MB
----------------------------------------------------------------------
■ EVENT LOG END :: FAISS BUILD
======================================================================


======================================================================
▶ EVENT LOG :: [TRAIN] :: [FAISS SEARCH]

----------------------------------------------------------------------
		Message     : FAISS searched the candidates and resulted candidates_idxs with shape=(5689, 20) 

		Event elapsed time: 0.98 seconds
		CPU Memory  : 1814.4 MB
		GPU MEMORY STATS: free/total = 8177.7/24210.3MB - allocated/peak allocated = 1677.3/8706.9MB - reserved/peak reserved = 14002.0/14002.0MB
----------------------------------------------------------------------
■ EVENT LOG END :: FAISS SEARCH
======================================================================


======================================================================
▶ EVENT LOG :: [TRAIN] :: [Faiss recall] :: epoch= 8

----------------------------------------------------------------------
		Message     : faiss recall@20: 0.9049. faiss recall@5: 0.8988 

----------------------------------------------------------------------
■ EVENT LOG END :: Faiss recall
======================================================================


======================================================================
▶ EVENT LOG :: [TRAIN] :: [Epoch summary] :: epoch= 8

----------------------------------------------------------------------
		Message     : Epoch average loss=0.030, average margin=0.3626, average mrr=0.9010, average accuracy@5=0.9027.   loss_temp=0.060 

		Event elapsed time: 62.01 seconds
		CPU Memory  : 1815.8 MB
		GPU MEMORY STATS: free/total = 8097.7/24210.3MB - allocated/peak allocated = 1677.4/10775.8MB - reserved/peak reserved = 14082.0/14082.0MB
----------------------------------------------------------------------
■ EVENT LOG END :: Epoch summary
======================================================================


======================================================================
▶ EVENT LOG :: [TRAIN] :: [Train finished]

----------------------------------------------------------------------
		Event elapsed time: 685.76 seconds
----------------------------------------------------------------------
■ EVENT LOG END :: Train finished
======================================================================


======================================================================
▶ EVENT LOG :: [TRAIN] :: [Main info: ]

----------------------------------------------------------------------
		Message     : {'id': 7, 'start_time': '2025-11-24_22-41-52', 'train_started': True, 'finished': True, 'training_log_name': 'small dictionary embeding  spans only', 'log_details_file': './logs/log_7_2025-11-24_22-41-52.log', 'end_date': '2025-11-24_22-53-42', 'queries_size': 5689, 'dictionary_size': 90510, 'trained_period': '0h, 11mins, 24secs', 'epochs': 8, 'last_faiss_recall@15': np.float64(0.9049042010898225), 'last_avg_acc_5': 0.9027387640449438, 'last_avg_mrr': 0.9010333370291785, 'last_avg_loss': 0.029876756960894976, 'result_encoder_dir': './output/encoder_7/'} 

----------------------------------------------------------------------
■ EVENT LOG END :: Main info: 
======================================================================


======================================================================
▶ EVENT LOG :: [eval] :: [Faiss recall@20]

----------------------------------------------------------------------
		Message     : 0.8330 

----------------------------------------------------------------------
■ EVENT LOG END :: Faiss recall@20
======================================================================


======================================================================
▶ EVENT LOG :: [eval] :: [Faiss recall@5]

----------------------------------------------------------------------
		Message     : 0.8000 

----------------------------------------------------------------------
■ EVENT LOG END :: Faiss recall@5
======================================================================


======================================================================
▶ EVENT LOG :: [eval] :: [Evaluation results]

----------------------------------------------------------------------
		Message     : Average Loss: 0.2305 
  Mean Reciprocal Rank (MRR): 0.9539 
  

----------------------------------------------------------------------
■ EVENT LOG END :: Evaluation results
======================================================================


======================================================================
▶ EVENT LOG :: [eval] :: [Evaluation  accuracy results]

----------------------------------------------------------------------
		Message     :      acc@1: 0.9376
     acc@2: 0.9520
     acc@4: 0.9700
     acc@5: 0.9725
     acc@7: 0.9848
    acc@10: 0.9887
    acc@12: 0.9948
    acc@15: 0.9986
    acc@17: 0.9986
    acc@20: 1.0000 

----------------------------------------------------------------------
■ EVENT LOG END :: Evaluation  accuracy results
======================================================================

