
======================================================================
▶ EVENT LOG :: [TRAIN] :: [FAISS BUILD] :: epoch= 1

----------------------------------------------------------------------
		Message     : FAISS built from dictionary embs 

		Event elapsed time: 36.24 seconds
		CPU Memory  : 1407.5 MB
		GPU MEMORY STATS: free/total = 21723.7/24210.3MB - allocated/peak allocated = 426.3/7365.4MB - reserved/peak reserved = 468.0/10370.0MB
----------------------------------------------------------------------
■ EVENT LOG END :: FAISS BUILD
======================================================================


======================================================================
▶ EVENT LOG :: [TRAIN] :: [FAISS SEARCH]

----------------------------------------------------------------------
		Message     : FAISS searched the candidates and resulted candidates_idxs with shape=(5689, 20) 

		Event elapsed time: 1.01 seconds
		CPU Memory  : 1460.8 MB
		GPU MEMORY STATS: free/total = 11821.7/24210.3MB - allocated/peak allocated = 426.3/7365.4MB - reserved/peak reserved = 10370.0/10370.0MB
----------------------------------------------------------------------
■ EVENT LOG END :: FAISS SEARCH
======================================================================


======================================================================
▶ EVENT LOG :: [TRAIN] :: [Faiss recall] :: epoch= 1

----------------------------------------------------------------------
		Message     : faiss recall@20: 0.0939. faiss recall@5: 0.0443 

----------------------------------------------------------------------
■ EVENT LOG END :: Faiss recall
======================================================================


======================================================================
▶ EVENT LOG :: [TRAIN] :: [Epoch summary] :: epoch= 1

----------------------------------------------------------------------
		Message     : Epoch average loss=1.125, average margin=-0.5488, average mrr=0.0736, average accuracy@5=0.0837.   loss_temp=0.060 

		Event elapsed time: 54.53 seconds
		CPU Memory  : 1766.0 MB
		GPU MEMORY STATS: free/total = 11719.7/24210.3MB - allocated/peak allocated = 1206.4/8776.2MB - reserved/peak reserved = 10460.0/10460.0MB
----------------------------------------------------------------------
■ EVENT LOG END :: Epoch summary
======================================================================


======================================================================
▶ EVENT LOG :: [TRAIN] :: [FAISS BUILD] :: epoch= 2

----------------------------------------------------------------------
		Message     : FAISS built from dictionary embs 

		Event elapsed time: 14.43 seconds
		CPU Memory  : 1773.1 MB
		GPU MEMORY STATS: free/total = 17181.7/24210.3MB - allocated/peak allocated = 1206.3/8163.2MB - reserved/peak reserved = 5000.0/14000.0MB
----------------------------------------------------------------------
■ EVENT LOG END :: FAISS BUILD
======================================================================


======================================================================
▶ EVENT LOG :: [TRAIN] :: [FAISS SEARCH]

----------------------------------------------------------------------
		Message     : FAISS searched the candidates and resulted candidates_idxs with shape=(5689, 20) 

		Event elapsed time: 1.03 seconds
		CPU Memory  : 1784.9 MB
		GPU MEMORY STATS: free/total = 8181.7/24210.3MB - allocated/peak allocated = 1206.3/8163.2MB - reserved/peak reserved = 14000.0/14000.0MB
----------------------------------------------------------------------
■ EVENT LOG END :: FAISS SEARCH
======================================================================


======================================================================
▶ EVENT LOG :: [TRAIN] :: [Faiss recall] :: epoch= 2

----------------------------------------------------------------------
		Message     : faiss recall@20: 0.5702. faiss recall@5: 0.4612 

----------------------------------------------------------------------
■ EVENT LOG END :: Faiss recall
======================================================================


======================================================================
▶ EVENT LOG :: [TRAIN] :: [Epoch summary] :: epoch= 2

----------------------------------------------------------------------
		Message     : Epoch average loss=0.504, average margin=0.0001, average mrr=0.5196, average accuracy@5=0.5490.   loss_temp=0.060 

		Event elapsed time: 56.87 seconds
		CPU Memory  : 1785.1 MB
		GPU MEMORY STATS: free/total = 8117.7/24210.3MB - allocated/peak allocated = 1287.9/9111.5MB - reserved/peak reserved = 14064.0/14064.0MB
----------------------------------------------------------------------
■ EVENT LOG END :: Epoch summary
======================================================================


======================================================================
▶ EVENT LOG :: [TRAIN] :: [FAISS BUILD] :: epoch= 3

----------------------------------------------------------------------
		Message     : FAISS built from dictionary embs 

		Event elapsed time: 14.27 seconds
		CPU Memory  : 1775.5 MB
		GPU MEMORY STATS: free/total = 18971.7/24210.3MB - allocated/peak allocated = 1287.8/8317.1MB - reserved/peak reserved = 3210.0/12210.0MB
----------------------------------------------------------------------
■ EVENT LOG END :: FAISS BUILD
======================================================================


======================================================================
▶ EVENT LOG :: [TRAIN] :: [FAISS SEARCH]

----------------------------------------------------------------------
		Message     : FAISS searched the candidates and resulted candidates_idxs with shape=(5689, 20) 

		Event elapsed time: 0.97 seconds
		CPU Memory  : 1787.3 MB
		GPU MEMORY STATS: free/total = 9971.7/24210.3MB - allocated/peak allocated = 1287.8/8317.1MB - reserved/peak reserved = 12210.0/12210.0MB
----------------------------------------------------------------------
■ EVENT LOG END :: FAISS SEARCH
======================================================================


======================================================================
▶ EVENT LOG :: [TRAIN] :: [Faiss recall] :: epoch= 3

----------------------------------------------------------------------
		Message     : faiss recall@20: 0.7007. faiss recall@5: 0.6307 

----------------------------------------------------------------------
■ EVENT LOG END :: Faiss recall
======================================================================


======================================================================
▶ EVENT LOG :: [TRAIN] :: [Epoch summary] :: epoch= 3

----------------------------------------------------------------------
		Message     : Epoch average loss=0.225, average margin=0.1812, average mrr=0.6741, average accuracy@5=0.6910.   loss_temp=0.060 

		Event elapsed time: 62.40 seconds
		CPU Memory  : 1787.5 MB
		GPU MEMORY STATS: free/total = 9897.7/24210.3MB - allocated/peak allocated = 1694.9/10792.3MB - reserved/peak reserved = 12284.0/12284.0MB
----------------------------------------------------------------------
■ EVENT LOG END :: Epoch summary
======================================================================


======================================================================
▶ EVENT LOG :: [TRAIN] :: [FAISS BUILD] :: epoch= 4

----------------------------------------------------------------------
		Message     : FAISS built from dictionary embs 

		Event elapsed time: 14.32 seconds
		CPU Memory  : 1773.9 MB
		GPU MEMORY STATS: free/total = 18075.7/24210.3MB - allocated/peak allocated = 1694.7/8725.3MB - reserved/peak reserved = 4106.0/13106.0MB
----------------------------------------------------------------------
■ EVENT LOG END :: FAISS BUILD
======================================================================


======================================================================
▶ EVENT LOG :: [TRAIN] :: [FAISS SEARCH]

----------------------------------------------------------------------
		Message     : FAISS searched the candidates and resulted candidates_idxs with shape=(5689, 20) 

		Event elapsed time: 0.99 seconds
		CPU Memory  : 1785.8 MB
		GPU MEMORY STATS: free/total = 9075.7/24210.3MB - allocated/peak allocated = 1694.7/8725.3MB - reserved/peak reserved = 13106.0/13106.0MB
----------------------------------------------------------------------
■ EVENT LOG END :: FAISS SEARCH
======================================================================


======================================================================
▶ EVENT LOG :: [TRAIN] :: [Faiss recall] :: epoch= 4

----------------------------------------------------------------------
		Message     : faiss recall@20: 0.8102. faiss recall@5: 0.7631 

----------------------------------------------------------------------
■ EVENT LOG END :: Faiss recall
======================================================================


======================================================================
▶ EVENT LOG :: [TRAIN] :: [Epoch summary] :: epoch= 4

----------------------------------------------------------------------
		Message     : Epoch average loss=0.111, average margin=0.2940, average mrr=0.7948, average accuracy@5=0.8059.   loss_temp=0.060 

		Event elapsed time: 61.40 seconds
		CPU Memory  : 1785.9 MB
		GPU MEMORY STATS: free/total = 8997.7/24210.3MB - allocated/peak allocated = 1695.1/10792.3MB - reserved/peak reserved = 13184.0/13184.0MB
----------------------------------------------------------------------
■ EVENT LOG END :: Epoch summary
======================================================================


======================================================================
▶ EVENT LOG :: [TRAIN] :: [FAISS BUILD] :: epoch= 5

----------------------------------------------------------------------
		Message     : FAISS built from dictionary embs 

		Event elapsed time: 14.45 seconds
		CPU Memory  : 1773.7 MB
		GPU MEMORY STATS: free/total = 17175.7/24210.3MB - allocated/peak allocated = 1694.9/8726.3MB - reserved/peak reserved = 5006.0/14006.0MB
----------------------------------------------------------------------
■ EVENT LOG END :: FAISS BUILD
======================================================================


======================================================================
▶ EVENT LOG :: [TRAIN] :: [FAISS SEARCH]

----------------------------------------------------------------------
		Message     : FAISS searched the candidates and resulted candidates_idxs with shape=(5689, 20) 

		Event elapsed time: 1.01 seconds
		CPU Memory  : 1785.5 MB
		GPU MEMORY STATS: free/total = 8175.7/24210.3MB - allocated/peak allocated = 1694.9/8726.3MB - reserved/peak reserved = 14006.0/14006.0MB
----------------------------------------------------------------------
■ EVENT LOG END :: FAISS SEARCH
======================================================================


======================================================================
▶ EVENT LOG :: [TRAIN] :: [Faiss recall] :: epoch= 5

----------------------------------------------------------------------
		Message     : faiss recall@20: 0.8418. faiss recall@5: 0.8075 

----------------------------------------------------------------------
■ EVENT LOG END :: Faiss recall
======================================================================


======================================================================
▶ EVENT LOG :: [TRAIN] :: [Epoch summary] :: epoch= 5

----------------------------------------------------------------------
		Message     : Epoch average loss=0.071, average margin=0.3532, average mrr=0.8322, average accuracy@5=0.8375.   loss_temp=0.060 

		Event elapsed time: 62.81 seconds
		CPU Memory  : 1785.7 MB
		GPU MEMORY STATS: free/total = 8097.7/24210.3MB - allocated/peak allocated = 1695.1/10791.8MB - reserved/peak reserved = 14084.0/14084.0MB
----------------------------------------------------------------------
■ EVENT LOG END :: Epoch summary
======================================================================


======================================================================
▶ EVENT LOG :: [TRAIN] :: [FAISS BUILD] :: epoch= 6

----------------------------------------------------------------------
		Message     : FAISS built from dictionary embs 

		Event elapsed time: 14.49 seconds
		CPU Memory  : 1776.0 MB
		GPU MEMORY STATS: free/total = 17175.7/24210.3MB - allocated/peak allocated = 1694.9/8726.3MB - reserved/peak reserved = 5006.0/14006.0MB
----------------------------------------------------------------------
■ EVENT LOG END :: FAISS BUILD
======================================================================


======================================================================
▶ EVENT LOG :: [TRAIN] :: [FAISS SEARCH]

----------------------------------------------------------------------
		Message     : FAISS searched the candidates and resulted candidates_idxs with shape=(5689, 20) 

		Event elapsed time: 0.99 seconds
		CPU Memory  : 1787.8 MB
		GPU MEMORY STATS: free/total = 8175.7/24210.3MB - allocated/peak allocated = 1694.9/8726.3MB - reserved/peak reserved = 14006.0/14006.0MB
----------------------------------------------------------------------
■ EVENT LOG END :: FAISS SEARCH
======================================================================


======================================================================
▶ EVENT LOG :: [TRAIN] :: [Faiss recall] :: epoch= 6

----------------------------------------------------------------------
		Message     : faiss recall@20: 0.8638. faiss recall@5: 0.8395 

----------------------------------------------------------------------
■ EVENT LOG END :: Faiss recall
======================================================================


======================================================================
▶ EVENT LOG :: [TRAIN] :: [Epoch summary] :: epoch= 6

----------------------------------------------------------------------
		Message     : Epoch average loss=0.053, average margin=0.3837, average mrr=0.8566, average accuracy@5=0.8614.   loss_temp=0.060 

		Event elapsed time: 63.67 seconds
		CPU Memory  : 1788.0 MB
		GPU MEMORY STATS: free/total = 8097.7/24210.3MB - allocated/peak allocated = 1695.1/10791.8MB - reserved/peak reserved = 14084.0/14084.0MB
----------------------------------------------------------------------
■ EVENT LOG END :: Epoch summary
======================================================================


======================================================================
▶ EVENT LOG :: [TRAIN] :: [FAISS BUILD] :: epoch= 7

----------------------------------------------------------------------
		Message     : FAISS built from dictionary embs 

		Event elapsed time: 14.37 seconds
		CPU Memory  : 1774.5 MB
		GPU MEMORY STATS: free/total = 17173.7/24210.3MB - allocated/peak allocated = 1694.9/8726.3MB - reserved/peak reserved = 5006.0/14006.0MB
----------------------------------------------------------------------
■ EVENT LOG END :: FAISS BUILD
======================================================================


======================================================================
▶ EVENT LOG :: [TRAIN] :: [FAISS SEARCH]

----------------------------------------------------------------------
		Message     : FAISS searched the candidates and resulted candidates_idxs with shape=(5689, 20) 

		Event elapsed time: 0.97 seconds
		CPU Memory  : 1786.4 MB
		GPU MEMORY STATS: free/total = 8173.7/24210.3MB - allocated/peak allocated = 1694.9/8726.3MB - reserved/peak reserved = 14006.0/14006.0MB
----------------------------------------------------------------------
■ EVENT LOG END :: FAISS SEARCH
======================================================================


======================================================================
▶ EVENT LOG :: [TRAIN] :: [Faiss recall] :: epoch= 7

----------------------------------------------------------------------
		Message     : faiss recall@20: 0.8838. faiss recall@5: 0.8638 

----------------------------------------------------------------------
■ EVENT LOG END :: Faiss recall
======================================================================


======================================================================
▶ EVENT LOG :: [TRAIN] :: [Epoch summary] :: epoch= 7

----------------------------------------------------------------------
		Message     : Epoch average loss=0.039, average margin=0.4156, average mrr=0.8782, average accuracy@5=0.8807.   loss_temp=0.060 

		Event elapsed time: 64.14 seconds
		CPU Memory  : 1786.5 MB
		GPU MEMORY STATS: free/total = 8095.7/24210.3MB - allocated/peak allocated = 1695.1/10791.8MB - reserved/peak reserved = 14084.0/14084.0MB
----------------------------------------------------------------------
■ EVENT LOG END :: Epoch summary
======================================================================


======================================================================
▶ EVENT LOG :: [TRAIN] :: [FAISS BUILD] :: epoch= 8

----------------------------------------------------------------------
		Message     : FAISS built from dictionary embs 

		Event elapsed time: 14.36 seconds
		CPU Memory  : 1776.8 MB
		GPU MEMORY STATS: free/total = 17173.7/24210.3MB - allocated/peak allocated = 1694.9/8726.3MB - reserved/peak reserved = 5006.0/14006.0MB
----------------------------------------------------------------------
■ EVENT LOG END :: FAISS BUILD
======================================================================


======================================================================
▶ EVENT LOG :: [TRAIN] :: [FAISS SEARCH]

----------------------------------------------------------------------
		Message     : FAISS searched the candidates and resulted candidates_idxs with shape=(5689, 20) 

		Event elapsed time: 0.98 seconds
		CPU Memory  : 1788.7 MB
		GPU MEMORY STATS: free/total = 8173.7/24210.3MB - allocated/peak allocated = 1694.9/8726.3MB - reserved/peak reserved = 14006.0/14006.0MB
----------------------------------------------------------------------
■ EVENT LOG END :: FAISS SEARCH
======================================================================


======================================================================
▶ EVENT LOG :: [TRAIN] :: [Faiss recall] :: epoch= 8

----------------------------------------------------------------------
		Message     : faiss recall@20: 0.8845. faiss recall@5: 0.8701 

----------------------------------------------------------------------
■ EVENT LOG END :: Faiss recall
======================================================================


======================================================================
▶ EVENT LOG :: [TRAIN] :: [Epoch summary] :: epoch= 8

----------------------------------------------------------------------
		Message     : Epoch average loss=0.026, average margin=0.4213, average mrr=0.8809, average accuracy@5=0.8828.   loss_temp=0.060 

		Event elapsed time: 61.89 seconds
		CPU Memory  : 1788.8 MB
		GPU MEMORY STATS: free/total = 8095.7/24210.3MB - allocated/peak allocated = 1695.1/10791.8MB - reserved/peak reserved = 14084.0/14084.0MB
----------------------------------------------------------------------
■ EVENT LOG END :: Epoch summary
======================================================================


======================================================================
▶ EVENT LOG :: [TRAIN] :: [Train finished]

----------------------------------------------------------------------
		Event elapsed time: 647.58 seconds
----------------------------------------------------------------------
■ EVENT LOG END :: Train finished
======================================================================


======================================================================
▶ EVENT LOG :: [TRAIN] :: [Main info: ]

----------------------------------------------------------------------
		Message     : {'id': 6, 'start_time': '2025-11-24_22-27-03', 'train_started': True, 'finished': True, 'training_log_name': 'small dictionary embeding cls and spans', 'log_details_file': './logs/log_6_2025-11-24_22-27-03.log', 'end_date': '2025-11-24_22-37-53', 'queries_size': 5689, 'dictionary_size': 90510, 'trained_period': '0h, 10mins, 45secs', 'epochs': 8, 'last_faiss_recall@15': np.float64(0.8845139743364387), 'last_avg_acc_5': 0.8827637328525607, 'last_avg_mrr': 0.8808506378966771, 'last_avg_loss': 0.026158756626510907, 'result_encoder_dir': './output/encoder_6/'} 

----------------------------------------------------------------------
■ EVENT LOG END :: Main info: 
======================================================================


======================================================================
▶ EVENT LOG :: [eval] :: [Faiss recall@20]

----------------------------------------------------------------------
		Message     : 0.8000 

----------------------------------------------------------------------
■ EVENT LOG END :: Faiss recall@20
======================================================================


======================================================================
▶ EVENT LOG :: [eval] :: [Faiss recall@5]

----------------------------------------------------------------------
		Message     : 0.7585 

----------------------------------------------------------------------
■ EVENT LOG END :: Faiss recall@5
======================================================================


======================================================================
▶ EVENT LOG :: [eval] :: [Evaluation results]

----------------------------------------------------------------------
		Message     : Average Loss: 0.2038 
  Mean Reciprocal Rank (MRR): 0.9573 
  

----------------------------------------------------------------------
■ EVENT LOG END :: Evaluation results
======================================================================


======================================================================
▶ EVENT LOG :: [eval] :: [Evaluation  accuracy results]

----------------------------------------------------------------------
		Message     :      acc@1: 0.9397
     acc@2: 0.9574
     acc@4: 0.9745
     acc@5: 0.9814
     acc@7: 0.9853
    acc@10: 1.0000
    acc@12: 1.0000
    acc@15: 1.0000
    acc@17: 1.0000
    acc@20: 1.0000 

----------------------------------------------------------------------
■ EVENT LOG END :: Evaluation  accuracy results
======================================================================

