
======================================================================
▶ EVENT LOG :: [TRAIN] :: [FAISS BUILD] :: epoch= 1

----------------------------------------------------------------------
		Message     : FAISS built from dictionary embs 

		Event elapsed time: 13.74 seconds
		CPU Memory  : 1379.3 MB
		GPU MEMORY STATS: free/total = 21461.8/24080.9MB - allocated/peak allocated = 426.9/13888.4MB - reserved/peak reserved = 468.0/19810.0MB
----------------------------------------------------------------------
■ EVENT LOG END :: FAISS BUILD
======================================================================


======================================================================
▶ EVENT LOG :: [TRAIN] :: [FAISS SEARCH]

----------------------------------------------------------------------
		Message     : FAISS searched the candidates and resulted candidates_idxs with shape=(5689, 20) 

		Event elapsed time: 1.00 seconds
		CPU Memory  : 1395.1 MB
		GPU MEMORY STATS: free/total = 7693.8/24080.9MB - allocated/peak allocated = 426.9/13888.4MB - reserved/peak reserved = 14236.0/19810.0MB
----------------------------------------------------------------------
■ EVENT LOG END :: FAISS SEARCH
======================================================================


======================================================================
▶ EVENT LOG :: [TRAIN] :: [Faiss recall] :: epoch= 1

----------------------------------------------------------------------
		Message     : faiss recall@20: 0.4243. faiss recall@5: 0.3053 

----------------------------------------------------------------------
■ EVENT LOG END :: Faiss recall
======================================================================


======================================================================
▶ EVENT LOG :: [TRAIN] :: [Epoch summary] :: epoch= 1

----------------------------------------------------------------------
		Message     : Epoch average loss=0.761, average margin=-0.1636, average mrr=0.3795, average accuracy@5=0.4066.   loss_temp=0.060 

		Event elapsed time: 137.21 seconds
		CPU Memory  : 2020.9 MB
		GPU MEMORY STATS: free/total = 6439.8/24080.9MB - allocated/peak allocated = 944.4/14974.8MB - reserved/peak reserved = 15480.0/19810.0MB
----------------------------------------------------------------------
■ EVENT LOG END :: Epoch summary
======================================================================


======================================================================
▶ EVENT LOG :: [TRAIN] :: [FAISS BUILD] :: epoch= 2

----------------------------------------------------------------------
		Message     : FAISS built from dictionary embs 

		Event elapsed time: 13.76 seconds
		CPU Memory  : 2026.1 MB
		GPU MEMORY STATS: free/total = 17025.8/24080.9MB - allocated/peak allocated = 944.1/14421.6MB - reserved/peak reserved = 4894.0/20720.0MB
----------------------------------------------------------------------
■ EVENT LOG END :: FAISS BUILD
======================================================================


======================================================================
▶ EVENT LOG :: [TRAIN] :: [FAISS SEARCH]

----------------------------------------------------------------------
		Message     : FAISS searched the candidates and resulted candidates_idxs with shape=(5689, 20) 

		Event elapsed time: 1.45 seconds
		CPU Memory  : 2026.1 MB
		GPU MEMORY STATS: free/total = 5761.8/24080.9MB - allocated/peak allocated = 944.1/14421.6MB - reserved/peak reserved = 16158.0/20720.0MB
----------------------------------------------------------------------
■ EVENT LOG END :: FAISS SEARCH
======================================================================


======================================================================
▶ EVENT LOG :: [TRAIN] :: [Faiss recall] :: epoch= 2

----------------------------------------------------------------------
		Message     : faiss recall@20: 0.8518. faiss recall@5: 0.7866 

----------------------------------------------------------------------
■ EVENT LOG END :: Faiss recall
======================================================================


======================================================================
▶ EVENT LOG :: [TRAIN] :: [Epoch summary] :: epoch= 2

----------------------------------------------------------------------
		Message     : Epoch average loss=0.226, average margin=0.2157, average mrr=0.8186, average accuracy@5=0.8393.   loss_temp=0.060 

		Event elapsed time: 40.33 seconds
		CPU Memory  : 2027.7 MB
		GPU MEMORY STATS: free/total = 5753.8/24080.9MB - allocated/peak allocated = 944.4/14973.8MB - reserved/peak reserved = 16166.0/20720.0MB
----------------------------------------------------------------------
■ EVENT LOG END :: Epoch summary
======================================================================


======================================================================
▶ EVENT LOG :: [TRAIN] :: [FAISS BUILD] :: epoch= 3

----------------------------------------------------------------------
		Message     : FAISS built from dictionary embs 

		Event elapsed time: 13.79 seconds
		CPU Memory  : 2027.9 MB
		GPU MEMORY STATS: free/total = 17025.8/24080.9MB - allocated/peak allocated = 944.1/14489.6MB - reserved/peak reserved = 4894.0/20720.0MB
----------------------------------------------------------------------
■ EVENT LOG END :: FAISS BUILD
======================================================================


======================================================================
▶ EVENT LOG :: [TRAIN] :: [FAISS SEARCH]

----------------------------------------------------------------------
		Message     : FAISS searched the candidates and resulted candidates_idxs with shape=(5689, 20) 

		Event elapsed time: 1.45 seconds
		CPU Memory  : 2027.9 MB
		GPU MEMORY STATS: free/total = 5761.8/24080.9MB - allocated/peak allocated = 944.1/14489.6MB - reserved/peak reserved = 16158.0/20720.0MB
----------------------------------------------------------------------
■ EVENT LOG END :: FAISS SEARCH
======================================================================


======================================================================
▶ EVENT LOG :: [TRAIN] :: [Faiss recall] :: epoch= 3

----------------------------------------------------------------------
		Message     : faiss recall@20: 0.9443. faiss recall@5: 0.9241 

----------------------------------------------------------------------
■ EVENT LOG END :: Faiss recall
======================================================================


======================================================================
▶ EVENT LOG :: [TRAIN] :: [Epoch summary] :: epoch= 3

----------------------------------------------------------------------
		Message     : Epoch average loss=0.160, average margin=0.1788, average mrr=0.9225, average accuracy@5=0.9355.   loss_temp=0.060 

		Event elapsed time: 40.40 seconds
		CPU Memory  : 2028.6 MB
		GPU MEMORY STATS: free/total = 5753.8/24080.9MB - allocated/peak allocated = 944.4/14973.8MB - reserved/peak reserved = 16166.0/20720.0MB
----------------------------------------------------------------------
■ EVENT LOG END :: Epoch summary
======================================================================


======================================================================
▶ EVENT LOG :: [TRAIN] :: [FAISS BUILD] :: epoch= 4

----------------------------------------------------------------------
		Message     : FAISS built from dictionary embs 

		Event elapsed time: 13.81 seconds
		CPU Memory  : 2029.1 MB
		GPU MEMORY STATS: free/total = 17025.8/24080.9MB - allocated/peak allocated = 944.1/14489.6MB - reserved/peak reserved = 4894.0/20720.0MB
----------------------------------------------------------------------
■ EVENT LOG END :: FAISS BUILD
======================================================================


======================================================================
▶ EVENT LOG :: [TRAIN] :: [FAISS SEARCH]

----------------------------------------------------------------------
		Message     : FAISS searched the candidates and resulted candidates_idxs with shape=(5689, 20) 

		Event elapsed time: 1.45 seconds
		CPU Memory  : 2029.1 MB
		GPU MEMORY STATS: free/total = 5761.8/24080.9MB - allocated/peak allocated = 944.1/14489.6MB - reserved/peak reserved = 16158.0/20720.0MB
----------------------------------------------------------------------
■ EVENT LOG END :: FAISS SEARCH
======================================================================


======================================================================
▶ EVENT LOG :: [TRAIN] :: [Faiss recall] :: epoch= 4

----------------------------------------------------------------------
		Message     : faiss recall@20: 0.9555. faiss recall@5: 0.9504 

----------------------------------------------------------------------
■ EVENT LOG END :: Faiss recall
======================================================================


======================================================================
▶ EVENT LOG :: [TRAIN] :: [Epoch summary] :: epoch= 4

----------------------------------------------------------------------
		Message     : Epoch average loss=0.084, average margin=0.1879, average mrr=0.9454, average accuracy@5=0.9504.   loss_temp=0.060 

		Event elapsed time: 40.42 seconds
		CPU Memory  : 2029.1 MB
		GPU MEMORY STATS: free/total = 5753.8/24080.9MB - allocated/peak allocated = 944.4/14973.8MB - reserved/peak reserved = 16166.0/20720.0MB
----------------------------------------------------------------------
■ EVENT LOG END :: Epoch summary
======================================================================


======================================================================
▶ EVENT LOG :: [TRAIN] :: [FAISS BUILD] :: epoch= 5

----------------------------------------------------------------------
		Message     : FAISS built from dictionary embs 

		Event elapsed time: 13.80 seconds
		CPU Memory  : 2029.1 MB
		GPU MEMORY STATS: free/total = 17025.8/24080.9MB - allocated/peak allocated = 944.1/14489.6MB - reserved/peak reserved = 4894.0/20720.0MB
----------------------------------------------------------------------
■ EVENT LOG END :: FAISS BUILD
======================================================================


======================================================================
▶ EVENT LOG :: [TRAIN] :: [FAISS SEARCH]

----------------------------------------------------------------------
		Message     : FAISS searched the candidates and resulted candidates_idxs with shape=(5689, 20) 

		Event elapsed time: 1.45 seconds
		CPU Memory  : 2029.1 MB
		GPU MEMORY STATS: free/total = 5761.8/24080.9MB - allocated/peak allocated = 944.1/14489.6MB - reserved/peak reserved = 16158.0/20720.0MB
----------------------------------------------------------------------
■ EVENT LOG END :: FAISS SEARCH
======================================================================


======================================================================
▶ EVENT LOG :: [TRAIN] :: [Faiss recall] :: epoch= 5

----------------------------------------------------------------------
		Message     : faiss recall@20: 0.9597. faiss recall@5: 0.9562 

----------------------------------------------------------------------
■ EVENT LOG END :: Faiss recall
======================================================================


======================================================================
▶ EVENT LOG :: [TRAIN] :: [Epoch summary] :: epoch= 5

----------------------------------------------------------------------
		Message     : Epoch average loss=0.051, average margin=0.1922, average mrr=0.9545, average accuracy@5=0.9583.   loss_temp=0.060 

		Event elapsed time: 40.41 seconds
		CPU Memory  : 2029.1 MB
		GPU MEMORY STATS: free/total = 5753.8/24080.9MB - allocated/peak allocated = 944.4/14973.8MB - reserved/peak reserved = 16166.0/20720.0MB
----------------------------------------------------------------------
■ EVENT LOG END :: Epoch summary
======================================================================


======================================================================
▶ EVENT LOG :: [TRAIN] :: [FAISS BUILD] :: epoch= 6

----------------------------------------------------------------------
		Message     : FAISS built from dictionary embs 

		Event elapsed time: 13.80 seconds
		CPU Memory  : 2029.1 MB
		GPU MEMORY STATS: free/total = 17025.8/24080.9MB - allocated/peak allocated = 944.1/14489.6MB - reserved/peak reserved = 4894.0/20720.0MB
----------------------------------------------------------------------
■ EVENT LOG END :: FAISS BUILD
======================================================================


======================================================================
▶ EVENT LOG :: [TRAIN] :: [FAISS SEARCH]

----------------------------------------------------------------------
		Message     : FAISS searched the candidates and resulted candidates_idxs with shape=(5689, 20) 

		Event elapsed time: 1.46 seconds
		CPU Memory  : 2029.1 MB
		GPU MEMORY STATS: free/total = 5761.8/24080.9MB - allocated/peak allocated = 944.1/14489.6MB - reserved/peak reserved = 16158.0/20720.0MB
----------------------------------------------------------------------
■ EVENT LOG END :: FAISS SEARCH
======================================================================


======================================================================
▶ EVENT LOG :: [TRAIN] :: [Faiss recall] :: epoch= 6

----------------------------------------------------------------------
		Message     : faiss recall@20: 0.9645. faiss recall@5: 0.9631 

----------------------------------------------------------------------
■ EVENT LOG END :: Faiss recall
======================================================================


======================================================================
▶ EVENT LOG :: [TRAIN] :: [Epoch summary] :: epoch= 6

----------------------------------------------------------------------
		Message     : Epoch average loss=0.032, average margin=0.2140, average mrr=0.9621, average accuracy@5=0.9637.   loss_temp=0.060 

		Event elapsed time: 40.40 seconds
		CPU Memory  : 2029.1 MB
		GPU MEMORY STATS: free/total = 5753.8/24080.9MB - allocated/peak allocated = 944.4/14973.8MB - reserved/peak reserved = 16166.0/20720.0MB
----------------------------------------------------------------------
■ EVENT LOG END :: Epoch summary
======================================================================


======================================================================
▶ EVENT LOG :: [TRAIN] :: [FAISS BUILD] :: epoch= 7

----------------------------------------------------------------------
		Message     : FAISS built from dictionary embs 

		Event elapsed time: 13.80 seconds
		CPU Memory  : 2029.3 MB
		GPU MEMORY STATS: free/total = 17025.8/24080.9MB - allocated/peak allocated = 944.1/14489.6MB - reserved/peak reserved = 4894.0/20720.0MB
----------------------------------------------------------------------
■ EVENT LOG END :: FAISS BUILD
======================================================================


======================================================================
▶ EVENT LOG :: [TRAIN] :: [FAISS SEARCH]

----------------------------------------------------------------------
		Message     : FAISS searched the candidates and resulted candidates_idxs with shape=(5689, 20) 

		Event elapsed time: 1.46 seconds
		CPU Memory  : 2029.3 MB
		GPU MEMORY STATS: free/total = 5761.8/24080.9MB - allocated/peak allocated = 944.1/14489.6MB - reserved/peak reserved = 16158.0/20720.0MB
----------------------------------------------------------------------
■ EVENT LOG END :: FAISS SEARCH
======================================================================


======================================================================
▶ EVENT LOG :: [TRAIN] :: [Faiss recall] :: epoch= 7

----------------------------------------------------------------------
		Message     : faiss recall@20: 0.9663. faiss recall@5: 0.9647 

----------------------------------------------------------------------
■ EVENT LOG END :: Faiss recall
======================================================================


======================================================================
▶ EVENT LOG :: [TRAIN] :: [Epoch summary] :: epoch= 7

----------------------------------------------------------------------
		Message     : Epoch average loss=0.025, average margin=0.2212, average mrr=0.9642, average accuracy@5=0.9649.   loss_temp=0.060 

		Event elapsed time: 40.44 seconds
		CPU Memory  : 2029.3 MB
		GPU MEMORY STATS: free/total = 5753.8/24080.9MB - allocated/peak allocated = 944.4/14973.8MB - reserved/peak reserved = 16166.0/20720.0MB
----------------------------------------------------------------------
■ EVENT LOG END :: Epoch summary
======================================================================


======================================================================
▶ EVENT LOG :: [TRAIN] :: [FAISS BUILD] :: epoch= 8

----------------------------------------------------------------------
		Message     : FAISS built from dictionary embs 

		Event elapsed time: 13.81 seconds
		CPU Memory  : 2029.2 MB
		GPU MEMORY STATS: free/total = 17025.8/24080.9MB - allocated/peak allocated = 944.1/14489.6MB - reserved/peak reserved = 4894.0/20720.0MB
----------------------------------------------------------------------
■ EVENT LOG END :: FAISS BUILD
======================================================================


======================================================================
▶ EVENT LOG :: [TRAIN] :: [FAISS SEARCH]

----------------------------------------------------------------------
		Message     : FAISS searched the candidates and resulted candidates_idxs with shape=(5689, 20) 

		Event elapsed time: 1.45 seconds
		CPU Memory  : 2029.2 MB
		GPU MEMORY STATS: free/total = 5761.8/24080.9MB - allocated/peak allocated = 944.1/14489.6MB - reserved/peak reserved = 16158.0/20720.0MB
----------------------------------------------------------------------
■ EVENT LOG END :: FAISS SEARCH
======================================================================


======================================================================
▶ EVENT LOG :: [TRAIN] :: [Faiss recall] :: epoch= 8

----------------------------------------------------------------------
		Message     : faiss recall@20: 0.9673. faiss recall@5: 0.9664 

----------------------------------------------------------------------
■ EVENT LOG END :: Faiss recall
======================================================================


======================================================================
▶ EVENT LOG :: [TRAIN] :: [Epoch summary] :: epoch= 8

----------------------------------------------------------------------
		Message     : Epoch average loss=0.018, average margin=0.2279, average mrr=0.9661, average accuracy@5=0.9668.   loss_temp=0.060 

		Event elapsed time: 40.42 seconds
		CPU Memory  : 2029.2 MB
		GPU MEMORY STATS: free/total = 5753.8/24080.9MB - allocated/peak allocated = 944.4/14973.8MB - reserved/peak reserved = 16166.0/20720.0MB
----------------------------------------------------------------------
■ EVENT LOG END :: Epoch summary
======================================================================


======================================================================
▶ EVENT LOG :: [TRAIN] :: [FAISS BUILD] :: epoch= 9

----------------------------------------------------------------------
		Message     : FAISS built from dictionary embs 

		Event elapsed time: 13.80 seconds
		CPU Memory  : 2029.7 MB
		GPU MEMORY STATS: free/total = 17025.8/24080.9MB - allocated/peak allocated = 944.1/14489.6MB - reserved/peak reserved = 4894.0/20720.0MB
----------------------------------------------------------------------
■ EVENT LOG END :: FAISS BUILD
======================================================================


======================================================================
▶ EVENT LOG :: [TRAIN] :: [FAISS SEARCH]

----------------------------------------------------------------------
		Message     : FAISS searched the candidates and resulted candidates_idxs with shape=(5689, 20) 

		Event elapsed time: 1.45 seconds
		CPU Memory  : 2029.7 MB
		GPU MEMORY STATS: free/total = 5761.8/24080.9MB - allocated/peak allocated = 944.1/14489.6MB - reserved/peak reserved = 16158.0/20720.0MB
----------------------------------------------------------------------
■ EVENT LOG END :: FAISS SEARCH
======================================================================


======================================================================
▶ EVENT LOG :: [TRAIN] :: [Faiss recall] :: epoch= 9

----------------------------------------------------------------------
		Message     : faiss recall@20: 0.9675. faiss recall@5: 0.9675 

----------------------------------------------------------------------
■ EVENT LOG END :: Faiss recall
======================================================================


======================================================================
▶ EVENT LOG :: [TRAIN] :: [Epoch summary] :: epoch= 9

----------------------------------------------------------------------
		Message     : Epoch average loss=0.013, average margin=0.2307, average mrr=0.9672, average accuracy@5=0.9674.   loss_temp=0.060 

		Event elapsed time: 40.39 seconds
		CPU Memory  : 2029.7 MB
		GPU MEMORY STATS: free/total = 5753.8/24080.9MB - allocated/peak allocated = 944.4/14973.8MB - reserved/peak reserved = 16166.0/20720.0MB
----------------------------------------------------------------------
■ EVENT LOG END :: Epoch summary
======================================================================


======================================================================
▶ EVENT LOG :: [TRAIN] :: [FAISS BUILD] :: epoch= 10

----------------------------------------------------------------------
		Message     : FAISS built from dictionary embs 

		Event elapsed time: 13.81 seconds
		CPU Memory  : 2029.8 MB
		GPU MEMORY STATS: free/total = 17025.8/24080.9MB - allocated/peak allocated = 944.1/14489.6MB - reserved/peak reserved = 4894.0/20720.0MB
----------------------------------------------------------------------
■ EVENT LOG END :: FAISS BUILD
======================================================================


======================================================================
▶ EVENT LOG :: [TRAIN] :: [FAISS SEARCH]

----------------------------------------------------------------------
		Message     : FAISS searched the candidates and resulted candidates_idxs with shape=(5689, 20) 

		Event elapsed time: 1.45 seconds
		CPU Memory  : 2029.8 MB
		GPU MEMORY STATS: free/total = 5761.8/24080.9MB - allocated/peak allocated = 944.1/14489.6MB - reserved/peak reserved = 16158.0/20720.0MB
----------------------------------------------------------------------
■ EVENT LOG END :: FAISS SEARCH
======================================================================


======================================================================
▶ EVENT LOG :: [TRAIN] :: [Faiss recall] :: epoch= 10

----------------------------------------------------------------------
		Message     : faiss recall@20: 0.9675. faiss recall@5: 0.9675 

----------------------------------------------------------------------
■ EVENT LOG END :: Faiss recall
======================================================================


======================================================================
▶ EVENT LOG :: [TRAIN] :: [Epoch summary] :: epoch= 10

----------------------------------------------------------------------
		Message     : Epoch average loss=0.012, average margin=0.2302, average mrr=0.9672, average accuracy@5=0.9675.   loss_temp=0.060 

		Event elapsed time: 40.45 seconds
		CPU Memory  : 2029.8 MB
		GPU MEMORY STATS: free/total = 5753.8/24080.9MB - allocated/peak allocated = 944.4/14973.8MB - reserved/peak reserved = 16166.0/20720.0MB
----------------------------------------------------------------------
■ EVENT LOG END :: Epoch summary
======================================================================


======================================================================
▶ EVENT LOG :: [TRAIN] :: [Train finished]

----------------------------------------------------------------------
		Event elapsed time: 685.48 seconds
----------------------------------------------------------------------
■ EVENT LOG END :: Train finished
======================================================================


======================================================================
▶ EVENT LOG :: [TRAIN] :: [Main info: ]

----------------------------------------------------------------------
		Message     : {'id': 15, 'start_time': '2025-12-06_17-36-58', 'train_started': True, 'finished': True, 'training_log_name': 'exp_4', 'log_details_file': './logs/log_15_2025-12-06_17-36-58.log', 'end_date': '2025-12-06_17-48-24', 'queries_size': 5689, 'dictionary_size': 90510, 'trained_period': '0h, 11mins, 23secs', 'epochs': 10, 'last_faiss_recall@15': np.float64(0.9674811038846898), 'last_avg_acc_5': 0.9674719099918109, 'last_avg_mrr': 0.9671793071071754, 'last_avg_loss': 0.011673104896974028, 'result_encoder_dir': './output/encoder_15/'} 

----------------------------------------------------------------------
■ EVENT LOG END :: Main info: 
======================================================================


======================================================================
▶ EVENT LOG :: [eval] :: [Evaluation results]

----------------------------------------------------------------------
		Message     : Average Loss: 0.2994 
  Mean Reciprocal Rank (MRR): 0.9353 
  

----------------------------------------------------------------------
■ EVENT LOG END :: Evaluation results
======================================================================


======================================================================
▶ EVENT LOG :: [eval] :: [Evaluation  accuracy results]

----------------------------------------------------------------------
		Message     :      acc@1: 0.9106
     acc@2: 0.9385
     acc@4: 0.9576
     acc@5: 0.9669
     acc@7: 0.9729
    acc@10: 0.9788
    acc@12: 0.9849
    acc@15: 0.9909
    acc@17: 0.9965
    acc@20: 1.0000 

----------------------------------------------------------------------
■ EVENT LOG END :: Evaluation  accuracy results
======================================================================

