
======================================================================
▶ EVENT LOG :: [TRAIN] :: [FAISS BUILD] :: epoch= 1

----------------------------------------------------------------------
		Message     : FAISS built from dictionary embs 

		Event elapsed time: 0.67 seconds
		CPU Memory  : 1050.6 MB
----------------------------------------------------------------------
■ EVENT LOG END :: FAISS BUILD
======================================================================


======================================================================
▶ EVENT LOG :: [TRAIN] :: [FAISS SEARCH]

----------------------------------------------------------------------
		Message     : FAISS searched the candidates and resulted candidates_idxs with shape=(5689, 10) 

		Event elapsed time: 787.67 seconds
		CPU Memory  : 960.4 MB
----------------------------------------------------------------------
■ EVENT LOG END :: FAISS SEARCH
======================================================================


======================================================================
▶ EVENT LOG :: [TRAIN] :: [Faiss recall] :: epoch= 1

----------------------------------------------------------------------
		Message     : faiss recall@10: 0.0000. faiss recall@5: 0.0000 

----------------------------------------------------------------------
■ EVENT LOG END :: Faiss recall
======================================================================

