
======================================================================
▶ EVENT LOG :: [TRAIN] :: [FAISS BUILD] :: epoch= 1

----------------------------------------------------------------------
		Message     : FAISS built from dictionary embs 

		Event elapsed time: 20.60 seconds
		CPU Memory  : 1355.4 MB
		GPU MEMORY STATS: free/total = 21474.8/24091.8MB - allocated/peak allocated = 421.8/11549.4MB - reserved/peak reserved = 468.0/16310.0MB
----------------------------------------------------------------------
■ EVENT LOG END :: FAISS BUILD
======================================================================


======================================================================
▶ EVENT LOG :: [TRAIN] :: [FAISS SEARCH]

----------------------------------------------------------------------
		Message     : FAISS searched the candidates and resulted candidates_idxs with shape=(5702, 20) 

		Event elapsed time: 1.39 seconds
		CPU Memory  : 1371.5 MB
		GPU MEMORY STATS: free/total = 5630.8/24091.8MB - allocated/peak allocated = 421.8/11549.4MB - reserved/peak reserved = 16312.0/16312.0MB
----------------------------------------------------------------------
■ EVENT LOG END :: FAISS SEARCH
======================================================================


======================================================================
▶ EVENT LOG :: [TRAIN] :: [Faiss recall@20] :: epoch= 1

----------------------------------------------------------------------
		Message     : 0.6314 

----------------------------------------------------------------------
■ EVENT LOG END :: Faiss recall@20
======================================================================


======================================================================
▶ EVENT LOG :: [TRAIN] :: [Training stats - batch 0] :: epoch= 1

----------------------------------------------------------------------
		Message     : Loss: 1.3346 

		CPU Memory  : 1694.8 MB
		GPU MEMORY STATS: free/total = 5604.8/24091.8MB - allocated/peak allocated = 1187.7/12813.5MB - reserved/peak reserved = 16328.0/16328.0MB
----------------------------------------------------------------------
■ EVENT LOG END :: Training stats - batch 0
======================================================================


======================================================================
▶ EVENT LOG :: [TRAIN] :: [Training stats - batch 100] :: epoch= 1

----------------------------------------------------------------------
		Message     : Loss: 0.2538 

		CPU Memory  : 1696.8 MB
		GPU MEMORY STATS: free/total = 5602.8/24091.8MB - allocated/peak allocated = 1187.8/13323.1MB - reserved/peak reserved = 16330.0/16330.0MB
----------------------------------------------------------------------
■ EVENT LOG END :: Training stats - batch 100
======================================================================


======================================================================
▶ EVENT LOG :: [TRAIN] :: [Training stats - batch 200] :: epoch= 1

----------------------------------------------------------------------
		Message     : Loss: 0.0637 

		CPU Memory  : 1696.8 MB
		GPU MEMORY STATS: free/total = 5602.8/24091.8MB - allocated/peak allocated = 1187.8/13323.1MB - reserved/peak reserved = 16330.0/16330.0MB
----------------------------------------------------------------------
■ EVENT LOG END :: Training stats - batch 200
======================================================================


======================================================================
▶ EVENT LOG :: [TRAIN] :: [Training stats - batch 300] :: epoch= 1

----------------------------------------------------------------------
		Message     : Loss: 0.1006 

		CPU Memory  : 1696.8 MB
		GPU MEMORY STATS: free/total = 5602.8/24091.8MB - allocated/peak allocated = 1187.8/13323.1MB - reserved/peak reserved = 16330.0/16330.0MB
----------------------------------------------------------------------
■ EVENT LOG END :: Training stats - batch 300
======================================================================


======================================================================
▶ EVENT LOG :: [TRAIN] :: [FAISS BUILD] :: epoch= 1

----------------------------------------------------------------------
		Message     : FAISS built from dictionary embs 

		Event elapsed time: 20.60 seconds
		CPU Memory  : 1348.5 MB
		GPU MEMORY STATS: free/total = 21474.8/24091.8MB - allocated/peak allocated = 421.8/11549.4MB - reserved/peak reserved = 468.0/16310.0MB
----------------------------------------------------------------------
■ EVENT LOG END :: FAISS BUILD
======================================================================


======================================================================
▶ EVENT LOG :: [TRAIN] :: [FAISS SEARCH]

----------------------------------------------------------------------
		Message     : FAISS searched the candidates and resulted candidates_idxs with shape=(5702, 20) 

		Event elapsed time: 1.45 seconds
		CPU Memory  : 1364.6 MB
		GPU MEMORY STATS: free/total = 5630.8/24091.8MB - allocated/peak allocated = 421.8/11549.4MB - reserved/peak reserved = 16312.0/16312.0MB
----------------------------------------------------------------------
■ EVENT LOG END :: FAISS SEARCH
======================================================================


======================================================================
▶ EVENT LOG :: [TRAIN] :: [Faiss recall@20] :: epoch= 1

----------------------------------------------------------------------
		Message     : 0.6314 

----------------------------------------------------------------------
■ EVENT LOG END :: Faiss recall@20
======================================================================


======================================================================
▶ EVENT LOG :: [TRAIN] :: [Training stats - batch 0] :: epoch= 1

----------------------------------------------------------------------
		Message     : Loss: 1.7426 

		CPU Memory  : 1695.6 MB
		GPU MEMORY STATS: free/total = 5604.8/24091.8MB - allocated/peak allocated = 1187.7/12813.5MB - reserved/peak reserved = 16328.0/16328.0MB
----------------------------------------------------------------------
■ EVENT LOG END :: Training stats - batch 0
======================================================================


======================================================================
▶ EVENT LOG :: [TRAIN] :: [Training stats - batch 100] :: epoch= 1

----------------------------------------------------------------------
		Message     : Loss: 0.4016 

		CPU Memory  : 1697.6 MB
		GPU MEMORY STATS: free/total = 5602.8/24091.8MB - allocated/peak allocated = 1187.8/13323.1MB - reserved/peak reserved = 16330.0/16330.0MB
----------------------------------------------------------------------
■ EVENT LOG END :: Training stats - batch 100
======================================================================


======================================================================
▶ EVENT LOG :: [TRAIN] :: [Training stats - batch 200] :: epoch= 1

----------------------------------------------------------------------
		Message     : Loss: 0.3046 

		CPU Memory  : 1697.6 MB
		GPU MEMORY STATS: free/total = 5602.8/24091.8MB - allocated/peak allocated = 1187.8/13323.1MB - reserved/peak reserved = 16330.0/16330.0MB
----------------------------------------------------------------------
■ EVENT LOG END :: Training stats - batch 200
======================================================================


======================================================================
▶ EVENT LOG :: [TRAIN] :: [Training stats - batch 300] :: epoch= 1

----------------------------------------------------------------------
		Message     : Loss: 0.0263 

		CPU Memory  : 1697.6 MB
		GPU MEMORY STATS: free/total = 5602.8/24091.8MB - allocated/peak allocated = 1187.8/13323.1MB - reserved/peak reserved = 16330.0/16330.0MB
----------------------------------------------------------------------
■ EVENT LOG END :: Training stats - batch 300
======================================================================


======================================================================
▶ EVENT LOG :: [TRAIN] :: [Epoch summary] :: epoch= 1

----------------------------------------------------------------------
		Message     : Epoch average loss=0.476, average margin=0.1816, average mrr=0.5991, average accuracy@5=0.6166.   loss_temp=0.150 

		Event elapsed time: 79.54 seconds
		CPU Memory  : 1697.6 MB
		GPU MEMORY STATS: free/total = 5602.8/24091.8MB - allocated/peak allocated = 1182.1/13323.1MB - reserved/peak reserved = 16330.0/16330.0MB
----------------------------------------------------------------------
■ EVENT LOG END :: Epoch summary
======================================================================


======================================================================
▶ EVENT LOG :: [TRAIN] :: [FAISS BUILD] :: epoch= 2

----------------------------------------------------------------------
		Message     : FAISS built from dictionary embs 

		Event elapsed time: 20.16 seconds
		CPU Memory  : 1707.1 MB
		GPU MEMORY STATS: free/total = 15696.8/24091.8MB - allocated/peak allocated = 1182.0/12327.2MB - reserved/peak reserved = 6236.0/20636.0MB
----------------------------------------------------------------------
■ EVENT LOG END :: FAISS BUILD
======================================================================


======================================================================
▶ EVENT LOG :: [TRAIN] :: [FAISS SEARCH]

----------------------------------------------------------------------
		Message     : FAISS searched the candidates and resulted candidates_idxs with shape=(5702, 20) 

		Event elapsed time: 1.40 seconds
		CPU Memory  : 1707.1 MB
		GPU MEMORY STATS: free/total = 1296.8/24091.8MB - allocated/peak allocated = 1182.0/12327.2MB - reserved/peak reserved = 20636.0/20636.0MB
----------------------------------------------------------------------
■ EVENT LOG END :: FAISS SEARCH
======================================================================


======================================================================
▶ EVENT LOG :: [TRAIN] :: [Faiss recall@20] :: epoch= 2

----------------------------------------------------------------------
		Message     : 0.7566 

----------------------------------------------------------------------
■ EVENT LOG END :: Faiss recall@20
======================================================================


======================================================================
▶ EVENT LOG :: [TRAIN] :: [Training stats - batch 0] :: epoch= 2

----------------------------------------------------------------------
		Message     : Loss: 0.8342 

		CPU Memory  : 1707.1 MB
		GPU MEMORY STATS: free/total = 1282.8/24091.8MB - allocated/peak allocated = 1270.5/13779.3MB - reserved/peak reserved = 20650.0/20650.0MB
----------------------------------------------------------------------
■ EVENT LOG END :: Training stats - batch 0
======================================================================


======================================================================
▶ EVENT LOG :: [TRAIN] :: [Training stats - batch 100] :: epoch= 2

----------------------------------------------------------------------
		Message     : Loss: 0.0464 

		CPU Memory  : 1707.1 MB
		GPU MEMORY STATS: free/total = 1282.8/24091.8MB - allocated/peak allocated = 1271.6/13834.1MB - reserved/peak reserved = 20650.0/20650.0MB
----------------------------------------------------------------------
■ EVENT LOG END :: Training stats - batch 100
======================================================================


======================================================================
▶ EVENT LOG :: [TRAIN] :: [Training stats - batch 200] :: epoch= 2

----------------------------------------------------------------------
		Message     : Loss: 0.0241 

		CPU Memory  : 1707.1 MB
		GPU MEMORY STATS: free/total = 1282.8/24091.8MB - allocated/peak allocated = 1271.6/13834.1MB - reserved/peak reserved = 20650.0/20650.0MB
----------------------------------------------------------------------
■ EVENT LOG END :: Training stats - batch 200
======================================================================


======================================================================
▶ EVENT LOG :: [TRAIN] :: [Training stats - batch 300] :: epoch= 2

----------------------------------------------------------------------
		Message     : Loss: 0.0619 

		CPU Memory  : 1707.1 MB
		GPU MEMORY STATS: free/total = 1282.8/24091.8MB - allocated/peak allocated = 1271.6/13834.1MB - reserved/peak reserved = 20650.0/20650.0MB
----------------------------------------------------------------------
■ EVENT LOG END :: Training stats - batch 300
======================================================================


======================================================================
▶ EVENT LOG :: [TRAIN] :: [Epoch summary] :: epoch= 2

----------------------------------------------------------------------
		Message     : Epoch average loss=0.183, average margin=0.3643, average mrr=0.7303, average accuracy@5=0.7464.   loss_temp=0.132 

		Event elapsed time: 81.97 seconds
		CPU Memory  : 1707.1 MB
		GPU MEMORY STATS: free/total = 1282.8/24091.8MB - allocated/peak allocated = 1270.0/13834.1MB - reserved/peak reserved = 20650.0/20650.0MB
----------------------------------------------------------------------
■ EVENT LOG END :: Epoch summary
======================================================================


======================================================================
▶ EVENT LOG :: [TRAIN] :: [FAISS BUILD] :: epoch= 3

----------------------------------------------------------------------
		Message     : FAISS built from dictionary embs 

		Event elapsed time: 20.17 seconds
		CPU Memory  : 1709.8 MB
		GPU MEMORY STATS: free/total = 17136.8/24091.8MB - allocated/peak allocated = 1269.9/12486.4MB - reserved/peak reserved = 4796.0/19196.0MB
----------------------------------------------------------------------
■ EVENT LOG END :: FAISS BUILD
======================================================================


======================================================================
▶ EVENT LOG :: [TRAIN] :: [FAISS SEARCH]

----------------------------------------------------------------------
		Message     : FAISS searched the candidates and resulted candidates_idxs with shape=(5702, 20) 

		Event elapsed time: 1.42 seconds
		CPU Memory  : 1709.8 MB
		GPU MEMORY STATS: free/total = 2736.8/24091.8MB - allocated/peak allocated = 1269.9/12486.4MB - reserved/peak reserved = 19196.0/19196.0MB
----------------------------------------------------------------------
■ EVENT LOG END :: FAISS SEARCH
======================================================================


======================================================================
▶ EVENT LOG :: [TRAIN] :: [Faiss recall@20] :: epoch= 3

----------------------------------------------------------------------
		Message     : 0.9121 

----------------------------------------------------------------------
■ EVENT LOG END :: Faiss recall@20
======================================================================


======================================================================
▶ EVENT LOG :: [TRAIN] :: [Training stats - batch 0] :: epoch= 3

----------------------------------------------------------------------
		Message     : Loss: 0.2670 

		CPU Memory  : 1709.8 MB
		GPU MEMORY STATS: free/total = 2722.8/24091.8MB - allocated/peak allocated = 1683.9/16127.2MB - reserved/peak reserved = 19210.0/19210.0MB
----------------------------------------------------------------------
■ EVENT LOG END :: Training stats - batch 0
======================================================================


======================================================================
▶ EVENT LOG :: [TRAIN] :: [Training stats - batch 100] :: epoch= 3

----------------------------------------------------------------------
		Message     : Loss: 0.0782 

		CPU Memory  : 1709.8 MB
		GPU MEMORY STATS: free/total = 2722.8/24091.8MB - allocated/peak allocated = 1687.3/16399.6MB - reserved/peak reserved = 19210.0/19210.0MB
----------------------------------------------------------------------
■ EVENT LOG END :: Training stats - batch 100
======================================================================


======================================================================
▶ EVENT LOG :: [TRAIN] :: [Training stats - batch 200] :: epoch= 3

----------------------------------------------------------------------
		Message     : Loss: 0.0058 

		CPU Memory  : 1709.8 MB
		GPU MEMORY STATS: free/total = 2722.8/24091.8MB - allocated/peak allocated = 1687.3/16399.6MB - reserved/peak reserved = 19210.0/19210.0MB
----------------------------------------------------------------------
■ EVENT LOG END :: Training stats - batch 200
======================================================================


======================================================================
▶ EVENT LOG :: [TRAIN] :: [Training stats - batch 300] :: epoch= 3

----------------------------------------------------------------------
		Message     : Loss: 0.0780 

		CPU Memory  : 1709.8 MB
		GPU MEMORY STATS: free/total = 2722.8/24091.8MB - allocated/peak allocated = 1687.3/16399.6MB - reserved/peak reserved = 19210.0/19210.0MB
----------------------------------------------------------------------
■ EVENT LOG END :: Training stats - batch 300
======================================================================


======================================================================
▶ EVENT LOG :: [TRAIN] :: [Epoch summary] :: epoch= 3

----------------------------------------------------------------------
		Message     : Epoch average loss=0.116, average margin=0.5778, average mrr=0.8919, average accuracy@5=0.9051.   loss_temp=0.116 

		Event elapsed time: 91.21 seconds
		CPU Memory  : 1709.8 MB
		GPU MEMORY STATS: free/total = 2722.8/24091.8MB - allocated/peak allocated = 1674.2/16399.6MB - reserved/peak reserved = 19210.0/19210.0MB
----------------------------------------------------------------------
■ EVENT LOG END :: Epoch summary
======================================================================


======================================================================
▶ EVENT LOG :: [TRAIN] :: [FAISS BUILD] :: epoch= 4

----------------------------------------------------------------------
		Message     : FAISS built from dictionary embs 

		Event elapsed time: 20.17 seconds
		CPU Memory  : 1709.5 MB
		GPU MEMORY STATS: free/total = 15696.8/24091.8MB - allocated/peak allocated = 1674.1/12893.6MB - reserved/peak reserved = 6236.0/20636.0MB
----------------------------------------------------------------------
■ EVENT LOG END :: FAISS BUILD
======================================================================


======================================================================
▶ EVENT LOG :: [TRAIN] :: [FAISS SEARCH]

----------------------------------------------------------------------
		Message     : FAISS searched the candidates and resulted candidates_idxs with shape=(5702, 20) 

		Event elapsed time: 1.43 seconds
		CPU Memory  : 1709.5 MB
		GPU MEMORY STATS: free/total = 1296.8/24091.8MB - allocated/peak allocated = 1674.1/12893.6MB - reserved/peak reserved = 20636.0/20636.0MB
----------------------------------------------------------------------
■ EVENT LOG END :: FAISS SEARCH
======================================================================


======================================================================
▶ EVENT LOG :: [TRAIN] :: [Faiss recall@20] :: epoch= 4

----------------------------------------------------------------------
		Message     : 0.9397 

----------------------------------------------------------------------
■ EVENT LOG END :: Faiss recall@20
======================================================================


======================================================================
▶ EVENT LOG :: [TRAIN] :: [Training stats - batch 0] :: epoch= 4

----------------------------------------------------------------------
		Message     : Loss: 0.2356 

		CPU Memory  : 1709.5 MB
		GPU MEMORY STATS: free/total = 1282.8/24091.8MB - allocated/peak allocated = 1685.2/16399.3MB - reserved/peak reserved = 20650.0/20650.0MB
----------------------------------------------------------------------
■ EVENT LOG END :: Training stats - batch 0
======================================================================


======================================================================
▶ EVENT LOG :: [TRAIN] :: [Training stats - batch 100] :: epoch= 4

----------------------------------------------------------------------
		Message     : Loss: 0.0039 

		CPU Memory  : 1709.5 MB
		GPU MEMORY STATS: free/total = 1282.8/24091.8MB - allocated/peak allocated = 1685.2/16399.6MB - reserved/peak reserved = 20650.0/20650.0MB
----------------------------------------------------------------------
■ EVENT LOG END :: Training stats - batch 100
======================================================================


======================================================================
▶ EVENT LOG :: [TRAIN] :: [Training stats - batch 200] :: epoch= 4

----------------------------------------------------------------------
		Message     : Loss: 0.0111 

		CPU Memory  : 1709.5 MB
		GPU MEMORY STATS: free/total = 1282.8/24091.8MB - allocated/peak allocated = 1685.2/16399.6MB - reserved/peak reserved = 20650.0/20650.0MB
----------------------------------------------------------------------
■ EVENT LOG END :: Training stats - batch 200
======================================================================


======================================================================
▶ EVENT LOG :: [TRAIN] :: [Training stats - batch 300] :: epoch= 4

----------------------------------------------------------------------
		Message     : Loss: 0.0109 

		CPU Memory  : 1709.5 MB
		GPU MEMORY STATS: free/total = 1282.8/24091.8MB - allocated/peak allocated = 1685.2/16399.6MB - reserved/peak reserved = 20650.0/20650.0MB
----------------------------------------------------------------------
■ EVENT LOG END :: Training stats - batch 300
======================================================================


======================================================================
▶ EVENT LOG :: [TRAIN] :: [Epoch summary] :: epoch= 4

----------------------------------------------------------------------
		Message     : Epoch average loss=0.085, average margin=0.5100, average mrr=0.9225, average accuracy@5=0.9342.   loss_temp=0.102 

		Event elapsed time: 90.47 seconds
		CPU Memory  : 1709.5 MB
		GPU MEMORY STATS: free/total = 1282.8/24091.8MB - allocated/peak allocated = 1674.2/16399.6MB - reserved/peak reserved = 20650.0/20650.0MB
----------------------------------------------------------------------
■ EVENT LOG END :: Epoch summary
======================================================================


======================================================================
▶ EVENT LOG :: [TRAIN] :: [FAISS BUILD] :: epoch= 5

----------------------------------------------------------------------
		Message     : FAISS built from dictionary embs 

		Event elapsed time: 20.16 seconds
		CPU Memory  : 1709.9 MB
		GPU MEMORY STATS: free/total = 15696.8/24091.8MB - allocated/peak allocated = 1674.1/12893.6MB - reserved/peak reserved = 6236.0/20636.0MB
----------------------------------------------------------------------
■ EVENT LOG END :: FAISS BUILD
======================================================================


======================================================================
▶ EVENT LOG :: [TRAIN] :: [FAISS SEARCH]

----------------------------------------------------------------------
		Message     : FAISS searched the candidates and resulted candidates_idxs with shape=(5702, 20) 

		Event elapsed time: 1.43 seconds
		CPU Memory  : 1709.9 MB
		GPU MEMORY STATS: free/total = 1296.8/24091.8MB - allocated/peak allocated = 1674.1/12893.6MB - reserved/peak reserved = 20636.0/20636.0MB
----------------------------------------------------------------------
■ EVENT LOG END :: FAISS SEARCH
======================================================================


======================================================================
▶ EVENT LOG :: [TRAIN] :: [Faiss recall@20] :: epoch= 5

----------------------------------------------------------------------
		Message     : 0.9444 

----------------------------------------------------------------------
■ EVENT LOG END :: Faiss recall@20
======================================================================


======================================================================
▶ EVENT LOG :: [TRAIN] :: [Training stats - batch 0] :: epoch= 5

----------------------------------------------------------------------
		Message     : Loss: 0.1389 

		CPU Memory  : 1709.9 MB
		GPU MEMORY STATS: free/total = 1282.8/24091.8MB - allocated/peak allocated = 1685.2/16399.3MB - reserved/peak reserved = 20650.0/20650.0MB
----------------------------------------------------------------------
■ EVENT LOG END :: Training stats - batch 0
======================================================================


======================================================================
▶ EVENT LOG :: [TRAIN] :: [Training stats - batch 100] :: epoch= 5

----------------------------------------------------------------------
		Message     : Loss: 0.0331 

		CPU Memory  : 1709.9 MB
		GPU MEMORY STATS: free/total = 1282.8/24091.8MB - allocated/peak allocated = 1685.2/16399.6MB - reserved/peak reserved = 20650.0/20650.0MB
----------------------------------------------------------------------
■ EVENT LOG END :: Training stats - batch 100
======================================================================


======================================================================
▶ EVENT LOG :: [TRAIN] :: [Training stats - batch 200] :: epoch= 5

----------------------------------------------------------------------
		Message     : Loss: 0.0011 

		CPU Memory  : 1709.9 MB
		GPU MEMORY STATS: free/total = 1282.8/24091.8MB - allocated/peak allocated = 1685.2/16399.6MB - reserved/peak reserved = 20650.0/20650.0MB
----------------------------------------------------------------------
■ EVENT LOG END :: Training stats - batch 200
======================================================================


======================================================================
▶ EVENT LOG :: [TRAIN] :: [Training stats - batch 300] :: epoch= 5

----------------------------------------------------------------------
		Message     : Loss: 0.0068 

		CPU Memory  : 1709.9 MB
		GPU MEMORY STATS: free/total = 1282.8/24091.8MB - allocated/peak allocated = 1685.2/16399.6MB - reserved/peak reserved = 20650.0/20650.0MB
----------------------------------------------------------------------
■ EVENT LOG END :: Training stats - batch 300
======================================================================


======================================================================
▶ EVENT LOG :: [TRAIN] :: [Epoch summary] :: epoch= 5

----------------------------------------------------------------------
		Message     : Epoch average loss=0.050, average margin=0.5521, average mrr=0.9316, average accuracy@5=0.9407.   loss_temp=0.090 

		Event elapsed time: 90.66 seconds
		CPU Memory  : 1709.9 MB
		GPU MEMORY STATS: free/total = 1282.8/24091.8MB - allocated/peak allocated = 1674.2/16399.6MB - reserved/peak reserved = 20650.0/20650.0MB
----------------------------------------------------------------------
■ EVENT LOG END :: Epoch summary
======================================================================


======================================================================
▶ EVENT LOG :: [TRAIN] :: [FAISS BUILD] :: epoch= 6

----------------------------------------------------------------------
		Message     : FAISS built from dictionary embs 

		Event elapsed time: 20.15 seconds
		CPU Memory  : 1710.0 MB
		GPU MEMORY STATS: free/total = 15696.8/24091.8MB - allocated/peak allocated = 1674.1/12893.6MB - reserved/peak reserved = 6236.0/20636.0MB
----------------------------------------------------------------------
■ EVENT LOG END :: FAISS BUILD
======================================================================


======================================================================
▶ EVENT LOG :: [TRAIN] :: [FAISS SEARCH]

----------------------------------------------------------------------
		Message     : FAISS searched the candidates and resulted candidates_idxs with shape=(5702, 20) 

		Event elapsed time: 1.39 seconds
		CPU Memory  : 1710.0 MB
		GPU MEMORY STATS: free/total = 1296.8/24091.8MB - allocated/peak allocated = 1674.1/12893.6MB - reserved/peak reserved = 20636.0/20636.0MB
----------------------------------------------------------------------
■ EVENT LOG END :: FAISS SEARCH
======================================================================


======================================================================
▶ EVENT LOG :: [TRAIN] :: [Faiss recall@20] :: epoch= 6

----------------------------------------------------------------------
		Message     : 0.9470 

----------------------------------------------------------------------
■ EVENT LOG END :: Faiss recall@20
======================================================================


======================================================================
▶ EVENT LOG :: [TRAIN] :: [Training stats - batch 0] :: epoch= 6

----------------------------------------------------------------------
		Message     : Loss: 0.0154 

		CPU Memory  : 1710.0 MB
		GPU MEMORY STATS: free/total = 1282.8/24091.8MB - allocated/peak allocated = 1685.2/16399.3MB - reserved/peak reserved = 20650.0/20650.0MB
----------------------------------------------------------------------
■ EVENT LOG END :: Training stats - batch 0
======================================================================


======================================================================
▶ EVENT LOG :: [TRAIN] :: [Training stats - batch 100] :: epoch= 6

----------------------------------------------------------------------
		Message     : Loss: 0.0026 

		CPU Memory  : 1710.0 MB
		GPU MEMORY STATS: free/total = 1282.8/24091.8MB - allocated/peak allocated = 1685.2/16399.6MB - reserved/peak reserved = 20650.0/20650.0MB
----------------------------------------------------------------------
■ EVENT LOG END :: Training stats - batch 100
======================================================================


======================================================================
▶ EVENT LOG :: [TRAIN] :: [Training stats - batch 200] :: epoch= 6

----------------------------------------------------------------------
		Message     : Loss: 0.0522 

		CPU Memory  : 1710.0 MB
		GPU MEMORY STATS: free/total = 1282.8/24091.8MB - allocated/peak allocated = 1685.2/16399.6MB - reserved/peak reserved = 20650.0/20650.0MB
----------------------------------------------------------------------
■ EVENT LOG END :: Training stats - batch 200
======================================================================


======================================================================
▶ EVENT LOG :: [TRAIN] :: [Training stats - batch 300] :: epoch= 6

----------------------------------------------------------------------
		Message     : Loss: 0.0013 

		CPU Memory  : 1710.0 MB
		GPU MEMORY STATS: free/total = 1282.8/24091.8MB - allocated/peak allocated = 1685.2/16399.6MB - reserved/peak reserved = 20650.0/20650.0MB
----------------------------------------------------------------------
■ EVENT LOG END :: Training stats - batch 300
======================================================================


======================================================================
▶ EVENT LOG :: [TRAIN] :: [Epoch summary] :: epoch= 6

----------------------------------------------------------------------
		Message     : Epoch average loss=0.039, average margin=0.4482, average mrr=0.9373, average accuracy@5=0.9442.   loss_temp=0.079 

		Event elapsed time: 91.38 seconds
		CPU Memory  : 1710.0 MB
		GPU MEMORY STATS: free/total = 1282.8/24091.8MB - allocated/peak allocated = 1674.2/16399.6MB - reserved/peak reserved = 20650.0/20650.0MB
----------------------------------------------------------------------
■ EVENT LOG END :: Epoch summary
======================================================================


======================================================================
▶ EVENT LOG :: [TRAIN] :: [FAISS BUILD] :: epoch= 7

----------------------------------------------------------------------
		Message     : FAISS built from dictionary embs 

		Event elapsed time: 20.17 seconds
		CPU Memory  : 1709.5 MB
		GPU MEMORY STATS: free/total = 15696.8/24091.8MB - allocated/peak allocated = 1674.1/12893.6MB - reserved/peak reserved = 6236.0/20636.0MB
----------------------------------------------------------------------
■ EVENT LOG END :: FAISS BUILD
======================================================================


======================================================================
▶ EVENT LOG :: [TRAIN] :: [FAISS SEARCH]

----------------------------------------------------------------------
		Message     : FAISS searched the candidates and resulted candidates_idxs with shape=(5702, 20) 

		Event elapsed time: 1.44 seconds
		CPU Memory  : 1709.5 MB
		GPU MEMORY STATS: free/total = 1296.8/24091.8MB - allocated/peak allocated = 1674.1/12893.6MB - reserved/peak reserved = 20636.0/20636.0MB
----------------------------------------------------------------------
■ EVENT LOG END :: FAISS SEARCH
======================================================================


======================================================================
▶ EVENT LOG :: [TRAIN] :: [Faiss recall@20] :: epoch= 7

----------------------------------------------------------------------
		Message     : 0.9491 

----------------------------------------------------------------------
■ EVENT LOG END :: Faiss recall@20
======================================================================


======================================================================
▶ EVENT LOG :: [TRAIN] :: [Training stats - batch 0] :: epoch= 7

----------------------------------------------------------------------
		Message     : Loss: 0.0135 

		CPU Memory  : 1709.5 MB
		GPU MEMORY STATS: free/total = 1282.8/24091.8MB - allocated/peak allocated = 1685.2/16399.3MB - reserved/peak reserved = 20650.0/20650.0MB
----------------------------------------------------------------------
■ EVENT LOG END :: Training stats - batch 0
======================================================================


======================================================================
▶ EVENT LOG :: [TRAIN] :: [Training stats - batch 100] :: epoch= 7

----------------------------------------------------------------------
		Message     : Loss: 0.0027 

		CPU Memory  : 1709.5 MB
		GPU MEMORY STATS: free/total = 1282.8/24091.8MB - allocated/peak allocated = 1685.2/16399.6MB - reserved/peak reserved = 20650.0/20650.0MB
----------------------------------------------------------------------
■ EVENT LOG END :: Training stats - batch 100
======================================================================


======================================================================
▶ EVENT LOG :: [TRAIN] :: [Training stats - batch 200] :: epoch= 7

----------------------------------------------------------------------
		Message     : Loss: 0.0004 

		CPU Memory  : 1709.5 MB
		GPU MEMORY STATS: free/total = 1282.8/24091.8MB - allocated/peak allocated = 1685.2/16399.6MB - reserved/peak reserved = 20650.0/20650.0MB
----------------------------------------------------------------------
■ EVENT LOG END :: Training stats - batch 200
======================================================================


======================================================================
▶ EVENT LOG :: [TRAIN] :: [Training stats - batch 300] :: epoch= 7

----------------------------------------------------------------------
		Message     : Loss: 0.0127 

		CPU Memory  : 1709.5 MB
		GPU MEMORY STATS: free/total = 1282.8/24091.8MB - allocated/peak allocated = 1685.2/16399.6MB - reserved/peak reserved = 20650.0/20650.0MB
----------------------------------------------------------------------
■ EVENT LOG END :: Training stats - batch 300
======================================================================


======================================================================
▶ EVENT LOG :: [TRAIN] :: [Epoch summary] :: epoch= 7

----------------------------------------------------------------------
		Message     : Epoch average loss=0.032, average margin=0.4526, average mrr=0.9403, average accuracy@5=0.9470.   loss_temp=0.070 

		Event elapsed time: 90.38 seconds
		CPU Memory  : 1709.5 MB
		GPU MEMORY STATS: free/total = 1282.8/24091.8MB - allocated/peak allocated = 1674.2/16399.6MB - reserved/peak reserved = 20650.0/20650.0MB
----------------------------------------------------------------------
■ EVENT LOG END :: Epoch summary
======================================================================


======================================================================
▶ EVENT LOG :: [TRAIN] :: [FAISS BUILD] :: epoch= 8

----------------------------------------------------------------------
		Message     : FAISS built from dictionary embs 

		Event elapsed time: 20.17 seconds
		CPU Memory  : 1709.6 MB
		GPU MEMORY STATS: free/total = 15696.8/24091.8MB - allocated/peak allocated = 1674.1/12893.6MB - reserved/peak reserved = 6236.0/20636.0MB
----------------------------------------------------------------------
■ EVENT LOG END :: FAISS BUILD
======================================================================


======================================================================
▶ EVENT LOG :: [TRAIN] :: [FAISS SEARCH]

----------------------------------------------------------------------
		Message     : FAISS searched the candidates and resulted candidates_idxs with shape=(5702, 20) 

		Event elapsed time: 1.41 seconds
		CPU Memory  : 1709.6 MB
		GPU MEMORY STATS: free/total = 1296.8/24091.8MB - allocated/peak allocated = 1674.1/12893.6MB - reserved/peak reserved = 20636.0/20636.0MB
----------------------------------------------------------------------
■ EVENT LOG END :: FAISS SEARCH
======================================================================


======================================================================
▶ EVENT LOG :: [TRAIN] :: [Faiss recall@20] :: epoch= 8

----------------------------------------------------------------------
		Message     : 0.9502 

----------------------------------------------------------------------
■ EVENT LOG END :: Faiss recall@20
======================================================================


======================================================================
▶ EVENT LOG :: [TRAIN] :: [Training stats - batch 0] :: epoch= 8

----------------------------------------------------------------------
		Message     : Loss: 0.0005 

		CPU Memory  : 1709.6 MB
		GPU MEMORY STATS: free/total = 1282.8/24091.8MB - allocated/peak allocated = 1685.2/16399.3MB - reserved/peak reserved = 20650.0/20650.0MB
----------------------------------------------------------------------
■ EVENT LOG END :: Training stats - batch 0
======================================================================


======================================================================
▶ EVENT LOG :: [TRAIN] :: [Training stats - batch 100] :: epoch= 8

----------------------------------------------------------------------
		Message     : Loss: 0.0005 

		CPU Memory  : 1709.6 MB
		GPU MEMORY STATS: free/total = 1282.8/24091.8MB - allocated/peak allocated = 1685.2/16399.6MB - reserved/peak reserved = 20650.0/20650.0MB
----------------------------------------------------------------------
■ EVENT LOG END :: Training stats - batch 100
======================================================================


======================================================================
▶ EVENT LOG :: [TRAIN] :: [Training stats - batch 200] :: epoch= 8

----------------------------------------------------------------------
		Message     : Loss: 0.0476 

		CPU Memory  : 1709.6 MB
		GPU MEMORY STATS: free/total = 1282.8/24091.8MB - allocated/peak allocated = 1685.2/16399.6MB - reserved/peak reserved = 20650.0/20650.0MB
----------------------------------------------------------------------
■ EVENT LOG END :: Training stats - batch 200
======================================================================


======================================================================
▶ EVENT LOG :: [TRAIN] :: [Training stats - batch 300] :: epoch= 8

----------------------------------------------------------------------
		Message     : Loss: 0.0361 

		CPU Memory  : 1709.6 MB
		GPU MEMORY STATS: free/total = 1282.8/24091.8MB - allocated/peak allocated = 1685.2/16399.6MB - reserved/peak reserved = 20650.0/20650.0MB
----------------------------------------------------------------------
■ EVENT LOG END :: Training stats - batch 300
======================================================================


======================================================================
▶ EVENT LOG :: [TRAIN] :: [Epoch summary] :: epoch= 8

----------------------------------------------------------------------
		Message     : Epoch average loss=0.022, average margin=0.3948, average mrr=0.9422, average accuracy@5=0.9487.   loss_temp=0.061 

		Event elapsed time: 90.46 seconds
		CPU Memory  : 1709.6 MB
		GPU MEMORY STATS: free/total = 1282.8/24091.8MB - allocated/peak allocated = 1674.2/16399.6MB - reserved/peak reserved = 20650.0/20650.0MB
----------------------------------------------------------------------
■ EVENT LOG END :: Epoch summary
======================================================================


======================================================================
▶ EVENT LOG :: [TRAIN] :: [FAISS BUILD] :: epoch= 9

----------------------------------------------------------------------
		Message     : FAISS built from dictionary embs 

		Event elapsed time: 20.16 seconds
		CPU Memory  : 1710.4 MB
		GPU MEMORY STATS: free/total = 15696.8/24091.8MB - allocated/peak allocated = 1674.1/12893.6MB - reserved/peak reserved = 6236.0/20636.0MB
----------------------------------------------------------------------
■ EVENT LOG END :: FAISS BUILD
======================================================================


======================================================================
▶ EVENT LOG :: [TRAIN] :: [FAISS SEARCH]

----------------------------------------------------------------------
		Message     : FAISS searched the candidates and resulted candidates_idxs with shape=(5702, 20) 

		Event elapsed time: 1.41 seconds
		CPU Memory  : 1710.4 MB
		GPU MEMORY STATS: free/total = 1296.8/24091.8MB - allocated/peak allocated = 1674.1/12893.6MB - reserved/peak reserved = 20636.0/20636.0MB
----------------------------------------------------------------------
■ EVENT LOG END :: FAISS SEARCH
======================================================================


======================================================================
▶ EVENT LOG :: [TRAIN] :: [Faiss recall@20] :: epoch= 9

----------------------------------------------------------------------
		Message     : 0.9502 

----------------------------------------------------------------------
■ EVENT LOG END :: Faiss recall@20
======================================================================


======================================================================
▶ EVENT LOG :: [TRAIN] :: [Training stats - batch 0] :: epoch= 9

----------------------------------------------------------------------
		Message     : Loss: 0.0002 

		CPU Memory  : 1710.4 MB
		GPU MEMORY STATS: free/total = 1282.8/24091.8MB - allocated/peak allocated = 1685.2/16399.3MB - reserved/peak reserved = 20650.0/20650.0MB
----------------------------------------------------------------------
■ EVENT LOG END :: Training stats - batch 0
======================================================================


======================================================================
▶ EVENT LOG :: [TRAIN] :: [Training stats - batch 100] :: epoch= 9

----------------------------------------------------------------------
		Message     : Loss: 0.0376 

		CPU Memory  : 1710.4 MB
		GPU MEMORY STATS: free/total = 1282.8/24091.8MB - allocated/peak allocated = 1685.2/16399.6MB - reserved/peak reserved = 20650.0/20650.0MB
----------------------------------------------------------------------
■ EVENT LOG END :: Training stats - batch 100
======================================================================


======================================================================
▶ EVENT LOG :: [TRAIN] :: [Training stats - batch 200] :: epoch= 9

----------------------------------------------------------------------
		Message     : Loss: 0.0001 

		CPU Memory  : 1710.4 MB
		GPU MEMORY STATS: free/total = 1282.8/24091.8MB - allocated/peak allocated = 1685.2/16399.6MB - reserved/peak reserved = 20650.0/20650.0MB
----------------------------------------------------------------------
■ EVENT LOG END :: Training stats - batch 200
======================================================================


======================================================================
▶ EVENT LOG :: [TRAIN] :: [Training stats - batch 300] :: epoch= 9

----------------------------------------------------------------------
		Message     : Loss: 0.0031 

		CPU Memory  : 1710.4 MB
		GPU MEMORY STATS: free/total = 1282.8/24091.8MB - allocated/peak allocated = 1685.2/16399.6MB - reserved/peak reserved = 20650.0/20650.0MB
----------------------------------------------------------------------
■ EVENT LOG END :: Training stats - batch 300
======================================================================


======================================================================
▶ EVENT LOG :: [TRAIN] :: [Epoch summary] :: epoch= 9

----------------------------------------------------------------------
		Message     : Epoch average loss=0.016, average margin=0.3966, average mrr=0.9428, average accuracy@5=0.9493.   loss_temp=0.054 

		Event elapsed time: 90.98 seconds
		CPU Memory  : 1710.4 MB
		GPU MEMORY STATS: free/total = 1282.8/24091.8MB - allocated/peak allocated = 1674.2/16399.6MB - reserved/peak reserved = 20650.0/20650.0MB
----------------------------------------------------------------------
■ EVENT LOG END :: Epoch summary
======================================================================


======================================================================
▶ EVENT LOG :: [TRAIN] :: [FAISS BUILD] :: epoch= 10

----------------------------------------------------------------------
		Message     : FAISS built from dictionary embs 

		Event elapsed time: 20.18 seconds
		CPU Memory  : 1710.6 MB
		GPU MEMORY STATS: free/total = 15696.8/24091.8MB - allocated/peak allocated = 1674.1/12893.6MB - reserved/peak reserved = 6236.0/20636.0MB
----------------------------------------------------------------------
■ EVENT LOG END :: FAISS BUILD
======================================================================


======================================================================
▶ EVENT LOG :: [TRAIN] :: [FAISS SEARCH]

----------------------------------------------------------------------
		Message     : FAISS searched the candidates and resulted candidates_idxs with shape=(5702, 20) 

		Event elapsed time: 1.45 seconds
		CPU Memory  : 1710.6 MB
		GPU MEMORY STATS: free/total = 1296.8/24091.8MB - allocated/peak allocated = 1674.1/12893.6MB - reserved/peak reserved = 20636.0/20636.0MB
----------------------------------------------------------------------
■ EVENT LOG END :: FAISS SEARCH
======================================================================


======================================================================
▶ EVENT LOG :: [TRAIN] :: [Faiss recall@20] :: epoch= 10

----------------------------------------------------------------------
		Message     : 0.9502 

----------------------------------------------------------------------
■ EVENT LOG END :: Faiss recall@20
======================================================================


======================================================================
▶ EVENT LOG :: [TRAIN] :: [Training stats - batch 0] :: epoch= 10

----------------------------------------------------------------------
		Message     : Loss: 0.0000 

		CPU Memory  : 1710.6 MB
		GPU MEMORY STATS: free/total = 1282.8/24091.8MB - allocated/peak allocated = 1685.2/16399.3MB - reserved/peak reserved = 20650.0/20650.0MB
----------------------------------------------------------------------
■ EVENT LOG END :: Training stats - batch 0
======================================================================


======================================================================
▶ EVENT LOG :: [TRAIN] :: [Training stats - batch 100] :: epoch= 10

----------------------------------------------------------------------
		Message     : Loss: 0.0278 

		CPU Memory  : 1710.6 MB
		GPU MEMORY STATS: free/total = 1282.8/24091.8MB - allocated/peak allocated = 1685.2/16399.6MB - reserved/peak reserved = 20650.0/20650.0MB
----------------------------------------------------------------------
■ EVENT LOG END :: Training stats - batch 100
======================================================================


======================================================================
▶ EVENT LOG :: [TRAIN] :: [Training stats - batch 200] :: epoch= 10

----------------------------------------------------------------------
		Message     : Loss: 0.0000 

		CPU Memory  : 1710.6 MB
		GPU MEMORY STATS: free/total = 1282.8/24091.8MB - allocated/peak allocated = 1685.2/16399.6MB - reserved/peak reserved = 20650.0/20650.0MB
----------------------------------------------------------------------
■ EVENT LOG END :: Training stats - batch 200
======================================================================


======================================================================
▶ EVENT LOG :: [TRAIN] :: [Training stats - batch 300] :: epoch= 10

----------------------------------------------------------------------
		Message     : Loss: 0.0000 

		CPU Memory  : 1710.6 MB
		GPU MEMORY STATS: free/total = 1282.8/24091.8MB - allocated/peak allocated = 1685.2/16399.6MB - reserved/peak reserved = 20650.0/20650.0MB
----------------------------------------------------------------------
■ EVENT LOG END :: Training stats - batch 300
======================================================================


======================================================================
▶ EVENT LOG :: [TRAIN] :: [Epoch summary] :: epoch= 10

----------------------------------------------------------------------
		Message     : Epoch average loss=0.012, average margin=0.3958, average mrr=0.9437, average accuracy@5=0.9501.   loss_temp=0.050 

		Event elapsed time: 90.51 seconds
		CPU Memory  : 1710.6 MB
		GPU MEMORY STATS: free/total = 1282.8/24091.8MB - allocated/peak allocated = 1674.2/16399.6MB - reserved/peak reserved = 20650.0/20650.0MB
----------------------------------------------------------------------
■ EVENT LOG END :: Epoch summary
======================================================================


======================================================================
▶ EVENT LOG :: [TRAIN] :: [Train finished]

----------------------------------------------------------------------
		Event elapsed time: 1125.45 seconds
----------------------------------------------------------------------
■ EVENT LOG END :: Train finished
======================================================================


======================================================================
▶ EVENT LOG :: [TRAIN] :: [Main info: ]

----------------------------------------------------------------------
		Message     : {'id': 2, 'start_time': '2025-11-24_04-22-03', 'train_started': True, 'finished': True, 'log_details_file': './logs/log_2_2025-11-24_04-22-03.log', 'end_date': '2025-11-24_04-44-04', 'training_log_name': 'small dictionary without annotation and without injecting', 'queries_size': 5702, 'dictionary_size': 90599, 'trained_period': '0h, 18mins, 43secs', 'epochs': 10, 'last_faiss_recall@15': 0.9501929147667485, 'last_avg_acc_5': 0.9501050420168067, 'last_avg_mrr': 0.943687475195118, 'last_avg_loss': 0.012289273382679012, 'result_encoder_dir': './output/encoder_2/'} 

----------------------------------------------------------------------
■ EVENT LOG END :: Main info: 
======================================================================

