
======================================================================
▶ EVENT LOG :: [TRAIN] :: [FAISS BUILD] :: epoch= 1

----------------------------------------------------------------------
		Message     : FAISS built from dictionary embs 

		Event elapsed time: 20.70 seconds
		CPU Memory  : 1288.9 MB
		GPU MEMORY STATS: free/total = 21474.8/24091.8MB - allocated/peak allocated = 421.8/11549.4MB - reserved/peak reserved = 468.0/16310.0MB
----------------------------------------------------------------------
■ EVENT LOG END :: FAISS BUILD
======================================================================


======================================================================
▶ EVENT LOG :: [TRAIN] :: [FAISS SEARCH]

----------------------------------------------------------------------
		Message     : FAISS searched the candidates and resulted candidates_idxs with shape=(4561, 20) 

		Event elapsed time: 1.14 seconds
		CPU Memory  : 1300.9 MB
		GPU MEMORY STATS: free/total = 5630.8/24091.8MB - allocated/peak allocated = 421.8/11549.4MB - reserved/peak reserved = 16312.0/16312.0MB
----------------------------------------------------------------------
■ EVENT LOG END :: FAISS SEARCH
======================================================================


======================================================================
▶ EVENT LOG :: [TRAIN] :: [Faiss recall@20] :: epoch= 1

----------------------------------------------------------------------
		Message     : 0.6295 

----------------------------------------------------------------------
■ EVENT LOG END :: Faiss recall@20
======================================================================


======================================================================
▶ EVENT LOG :: [TRAIN] :: [Epoch summary] :: epoch= 1

----------------------------------------------------------------------
		Message     : Epoch average loss=0.519, average mrr=0.9461, average accuracy@5=0.9772.   loss_temp=0.150 

		Event elapsed time: 64.43 seconds
		CPU Memory  : 1592.8 MB
		GPU MEMORY STATS: free/total = 5578.8/24091.8MB - allocated/peak allocated = 1181.0/13323.0MB - reserved/peak reserved = 16354.0/16354.0MB
----------------------------------------------------------------------
■ EVENT LOG END :: Epoch summary
======================================================================


======================================================================
▶ EVENT LOG :: [TRAIN] :: [FAISS BUILD] :: epoch= 2

----------------------------------------------------------------------
		Message     : FAISS built from dictionary embs 

		Event elapsed time: 20.19 seconds
		CPU Memory  : 1602.8 MB
		GPU MEMORY STATS: free/total = 18562.8/24091.8MB - allocated/peak allocated = 1181.0/12323.1MB - reserved/peak reserved = 3370.0/17770.0MB
----------------------------------------------------------------------
■ EVENT LOG END :: FAISS BUILD
======================================================================


======================================================================
▶ EVENT LOG :: [TRAIN] :: [FAISS SEARCH]

----------------------------------------------------------------------
		Message     : FAISS searched the candidates and resulted candidates_idxs with shape=(4561, 20) 

		Event elapsed time: 1.12 seconds
		CPU Memory  : 1602.8 MB
		GPU MEMORY STATS: free/total = 4162.8/24091.8MB - allocated/peak allocated = 1181.0/12323.1MB - reserved/peak reserved = 17770.0/17770.0MB
----------------------------------------------------------------------
■ EVENT LOG END :: FAISS SEARCH
======================================================================


======================================================================
▶ EVENT LOG :: [TRAIN] :: [Faiss recall@20] :: epoch= 2

----------------------------------------------------------------------
		Message     : 0.7531 

----------------------------------------------------------------------
■ EVENT LOG END :: Faiss recall@20
======================================================================


======================================================================
▶ EVENT LOG :: [TRAIN] :: [checkpoint resotred]

----------------------------------------------------------------------
		Message     : Restoring checkpoint from file: ./output/encoder_1/checkpoints/last.pt 

----------------------------------------------------------------------
■ EVENT LOG END :: checkpoint resotred
======================================================================


======================================================================
▶ EVENT LOG :: [TRAIN] :: [FAISS BUILD] :: epoch= 2

----------------------------------------------------------------------
		Message     : FAISS built from dictionary embs 

		Event elapsed time: 20.45 seconds
		CPU Memory  : 1341.5 MB
		GPU MEMORY STATS: free/total = 20730.8/24091.8MB - allocated/peak allocated = 921.1/12073.2MB - reserved/peak reserved = 1080.0/16924.0MB
----------------------------------------------------------------------
■ EVENT LOG END :: FAISS BUILD
======================================================================


======================================================================
▶ EVENT LOG :: [TRAIN] :: [FAISS SEARCH]

----------------------------------------------------------------------
		Message     : FAISS searched the candidates and resulted candidates_idxs with shape=(4561, 20) 

		Event elapsed time: 1.14 seconds
		CPU Memory  : 1353.5 MB
		GPU MEMORY STATS: free/total = 4886.8/24091.8MB - allocated/peak allocated = 921.1/12073.2MB - reserved/peak reserved = 16924.0/16924.0MB
----------------------------------------------------------------------
■ EVENT LOG END :: FAISS SEARCH
======================================================================


======================================================================
▶ EVENT LOG :: [TRAIN] :: [Faiss recall@20] :: epoch= 2

----------------------------------------------------------------------
		Message     : 0.7531 

----------------------------------------------------------------------
■ EVENT LOG END :: Faiss recall@20
======================================================================


======================================================================
▶ EVENT LOG :: [TRAIN] :: [Epoch summary] :: epoch= 2

----------------------------------------------------------------------
		Message     : Epoch average loss=0.197, average mrr=0.9634, average accuracy@5=0.9835.   loss_temp=0.132 

		Event elapsed time: 65.46 seconds
		CPU Memory  : 1645.2 MB
		GPU MEMORY STATS: free/total = 4832.8/24091.8MB - allocated/peak allocated = 1262.2/13850.3MB - reserved/peak reserved = 16968.0/16968.0MB
----------------------------------------------------------------------
■ EVENT LOG END :: Epoch summary
======================================================================


======================================================================
▶ EVENT LOG :: [TRAIN] :: [FAISS BUILD] :: epoch= 3

----------------------------------------------------------------------
		Message     : FAISS built from dictionary embs 

		Event elapsed time: 20.19 seconds
		CPU Memory  : 1654.8 MB
		GPU MEMORY STATS: free/total = 17820.8/24091.8MB - allocated/peak allocated = 1262.2/12490.1MB - reserved/peak reserved = 3980.0/18380.0MB
----------------------------------------------------------------------
■ EVENT LOG END :: FAISS BUILD
======================================================================


======================================================================
▶ EVENT LOG :: [TRAIN] :: [FAISS SEARCH]

----------------------------------------------------------------------
		Message     : FAISS searched the candidates and resulted candidates_idxs with shape=(4561, 20) 

		Event elapsed time: 1.13 seconds
		CPU Memory  : 1654.8 MB
		GPU MEMORY STATS: free/total = 3420.8/24091.8MB - allocated/peak allocated = 1262.2/12490.1MB - reserved/peak reserved = 18380.0/18380.0MB
----------------------------------------------------------------------
■ EVENT LOG END :: FAISS SEARCH
======================================================================


======================================================================
▶ EVENT LOG :: [TRAIN] :: [Faiss recall@20] :: epoch= 3

----------------------------------------------------------------------
		Message     : 0.9206 

----------------------------------------------------------------------
■ EVENT LOG END :: Faiss recall@20
======================================================================


======================================================================
▶ EVENT LOG :: [TRAIN] :: [Epoch summary] :: epoch= 3

----------------------------------------------------------------------
		Message     : Epoch average loss=0.118, average mrr=0.9783, average accuracy@5=0.9910.   loss_temp=0.116 

		Event elapsed time: 73.02 seconds
		CPU Memory  : 1654.8 MB
		GPU MEMORY STATS: free/total = 3384.8/24091.8MB - allocated/peak allocated = 1670.6/16418.0MB - reserved/peak reserved = 18416.0/18416.0MB
----------------------------------------------------------------------
■ EVENT LOG END :: Epoch summary
======================================================================


======================================================================
▶ EVENT LOG :: [TRAIN] :: [FAISS BUILD] :: epoch= 4

----------------------------------------------------------------------
		Message     : FAISS built from dictionary embs 

		Event elapsed time: 20.19 seconds
		CPU Memory  : 1659.8 MB
		GPU MEMORY STATS: free/total = 16378.8/24091.8MB - allocated/peak allocated = 1670.6/12902.6MB - reserved/peak reserved = 5422.0/19822.0MB
----------------------------------------------------------------------
■ EVENT LOG END :: FAISS BUILD
======================================================================


======================================================================
▶ EVENT LOG :: [TRAIN] :: [FAISS SEARCH]

----------------------------------------------------------------------
		Message     : FAISS searched the candidates and resulted candidates_idxs with shape=(4561, 20) 

		Event elapsed time: 1.17 seconds
		CPU Memory  : 1659.8 MB
		GPU MEMORY STATS: free/total = 1978.8/24091.8MB - allocated/peak allocated = 1670.6/12902.6MB - reserved/peak reserved = 19822.0/19822.0MB
----------------------------------------------------------------------
■ EVENT LOG END :: FAISS SEARCH
======================================================================


======================================================================
▶ EVENT LOG :: [TRAIN] :: [Faiss recall@20] :: epoch= 4

----------------------------------------------------------------------
		Message     : 0.9276 

----------------------------------------------------------------------
■ EVENT LOG END :: Faiss recall@20
======================================================================


======================================================================
▶ EVENT LOG :: [TRAIN] :: [Epoch summary] :: epoch= 4

----------------------------------------------------------------------
		Message     : Epoch average loss=0.070, average mrr=0.9855, average accuracy@5=0.9962.   loss_temp=0.102 

		Event elapsed time: 72.47 seconds
		CPU Memory  : 1659.8 MB
		GPU MEMORY STATS: free/total = 1944.8/24091.8MB - allocated/peak allocated = 1670.6/16418.0MB - reserved/peak reserved = 19856.0/19856.0MB
----------------------------------------------------------------------
■ EVENT LOG END :: Epoch summary
======================================================================


======================================================================
▶ EVENT LOG :: [TRAIN] :: [FAISS BUILD] :: epoch= 5

----------------------------------------------------------------------
		Message     : FAISS built from dictionary embs 

		Event elapsed time: 20.17 seconds
		CPU Memory  : 1662.3 MB
		GPU MEMORY STATS: free/total = 16378.8/24091.8MB - allocated/peak allocated = 1670.6/12902.6MB - reserved/peak reserved = 5422.0/19822.0MB
----------------------------------------------------------------------
■ EVENT LOG END :: FAISS BUILD
======================================================================


======================================================================
▶ EVENT LOG :: [TRAIN] :: [FAISS SEARCH]

----------------------------------------------------------------------
		Message     : FAISS searched the candidates and resulted candidates_idxs with shape=(4561, 20) 

		Event elapsed time: 1.13 seconds
		CPU Memory  : 1662.3 MB
		GPU MEMORY STATS: free/total = 1978.8/24091.8MB - allocated/peak allocated = 1670.6/12902.6MB - reserved/peak reserved = 19822.0/19822.0MB
----------------------------------------------------------------------
■ EVENT LOG END :: FAISS SEARCH
======================================================================


======================================================================
▶ EVENT LOG :: [TRAIN] :: [Faiss recall@20] :: epoch= 5

----------------------------------------------------------------------
		Message     : 0.9329 

----------------------------------------------------------------------
■ EVENT LOG END :: Faiss recall@20
======================================================================


======================================================================
▶ EVENT LOG :: [TRAIN] :: [Epoch summary] :: epoch= 5

----------------------------------------------------------------------
		Message     : Epoch average loss=0.058, average mrr=0.9866, average accuracy@5=0.9963.   loss_temp=0.090 

		Event elapsed time: 72.44 seconds
		CPU Memory  : 1662.3 MB
		GPU MEMORY STATS: free/total = 1944.8/24091.8MB - allocated/peak allocated = 1670.6/16418.0MB - reserved/peak reserved = 19856.0/19856.0MB
----------------------------------------------------------------------
■ EVENT LOG END :: Epoch summary
======================================================================


======================================================================
▶ EVENT LOG :: [TRAIN] :: [FAISS BUILD] :: epoch= 6

----------------------------------------------------------------------
		Message     : FAISS built from dictionary embs 

		Event elapsed time: 20.17 seconds
		CPU Memory  : 1662.3 MB
		GPU MEMORY STATS: free/total = 16378.8/24091.8MB - allocated/peak allocated = 1670.6/12902.6MB - reserved/peak reserved = 5422.0/19822.0MB
----------------------------------------------------------------------
■ EVENT LOG END :: FAISS BUILD
======================================================================


======================================================================
▶ EVENT LOG :: [TRAIN] :: [FAISS SEARCH]

----------------------------------------------------------------------
		Message     : FAISS searched the candidates and resulted candidates_idxs with shape=(4561, 20) 

		Event elapsed time: 1.14 seconds
		CPU Memory  : 1662.3 MB
		GPU MEMORY STATS: free/total = 1978.8/24091.8MB - allocated/peak allocated = 1670.6/12902.6MB - reserved/peak reserved = 19822.0/19822.0MB
----------------------------------------------------------------------
■ EVENT LOG END :: FAISS SEARCH
======================================================================


======================================================================
▶ EVENT LOG :: [TRAIN] :: [Faiss recall@20] :: epoch= 6

----------------------------------------------------------------------
		Message     : 0.9369 

----------------------------------------------------------------------
■ EVENT LOG END :: Faiss recall@20
======================================================================


======================================================================
▶ EVENT LOG :: [TRAIN] :: [Epoch summary] :: epoch= 6

----------------------------------------------------------------------
		Message     : Epoch average loss=0.034, average mrr=0.9903, average accuracy@5=0.9974.   loss_temp=0.079 

		Event elapsed time: 73.07 seconds
		CPU Memory  : 1662.3 MB
		GPU MEMORY STATS: free/total = 1944.8/24091.8MB - allocated/peak allocated = 1670.6/16418.0MB - reserved/peak reserved = 19856.0/19856.0MB
----------------------------------------------------------------------
■ EVENT LOG END :: Epoch summary
======================================================================


======================================================================
▶ EVENT LOG :: [TRAIN] :: [FAISS BUILD] :: epoch= 7

----------------------------------------------------------------------
		Message     : FAISS built from dictionary embs 

		Event elapsed time: 20.20 seconds
		CPU Memory  : 1663.7 MB
		GPU MEMORY STATS: free/total = 16378.8/24091.8MB - allocated/peak allocated = 1670.6/12902.6MB - reserved/peak reserved = 5422.0/19822.0MB
----------------------------------------------------------------------
■ EVENT LOG END :: FAISS BUILD
======================================================================


======================================================================
▶ EVENT LOG :: [TRAIN] :: [FAISS SEARCH]

----------------------------------------------------------------------
		Message     : FAISS searched the candidates and resulted candidates_idxs with shape=(4561, 20) 

		Event elapsed time: 1.16 seconds
		CPU Memory  : 1663.7 MB
		GPU MEMORY STATS: free/total = 1978.8/24091.8MB - allocated/peak allocated = 1670.6/12902.6MB - reserved/peak reserved = 19822.0/19822.0MB
----------------------------------------------------------------------
■ EVENT LOG END :: FAISS SEARCH
======================================================================


======================================================================
▶ EVENT LOG :: [TRAIN] :: [Faiss recall@20] :: epoch= 7

----------------------------------------------------------------------
		Message     : 0.9366 

----------------------------------------------------------------------
■ EVENT LOG END :: Faiss recall@20
======================================================================


======================================================================
▶ EVENT LOG :: [TRAIN] :: [Epoch summary] :: epoch= 7

----------------------------------------------------------------------
		Message     : Epoch average loss=0.019, average mrr=0.9925, average accuracy@5=0.9983.   loss_temp=0.070 

		Event elapsed time: 72.54 seconds
		CPU Memory  : 1663.7 MB
		GPU MEMORY STATS: free/total = 1944.8/24091.8MB - allocated/peak allocated = 1670.6/16418.0MB - reserved/peak reserved = 19856.0/19856.0MB
----------------------------------------------------------------------
■ EVENT LOG END :: Epoch summary
======================================================================


======================================================================
▶ EVENT LOG :: [TRAIN] :: [FAISS BUILD] :: epoch= 8

----------------------------------------------------------------------
		Message     : FAISS built from dictionary embs 

		Event elapsed time: 20.18 seconds
		CPU Memory  : 1663.7 MB
		GPU MEMORY STATS: free/total = 16378.8/24091.8MB - allocated/peak allocated = 1670.6/12902.6MB - reserved/peak reserved = 5422.0/19822.0MB
----------------------------------------------------------------------
■ EVENT LOG END :: FAISS BUILD
======================================================================


======================================================================
▶ EVENT LOG :: [TRAIN] :: [FAISS SEARCH]

----------------------------------------------------------------------
		Message     : FAISS searched the candidates and resulted candidates_idxs with shape=(4561, 20) 

		Event elapsed time: 1.17 seconds
		CPU Memory  : 1663.7 MB
		GPU MEMORY STATS: free/total = 1978.8/24091.8MB - allocated/peak allocated = 1670.6/12902.6MB - reserved/peak reserved = 19822.0/19822.0MB
----------------------------------------------------------------------
■ EVENT LOG END :: FAISS SEARCH
======================================================================


======================================================================
▶ EVENT LOG :: [TRAIN] :: [Faiss recall@20] :: epoch= 8

----------------------------------------------------------------------
		Message     : 0.9384 

----------------------------------------------------------------------
■ EVENT LOG END :: Faiss recall@20
======================================================================


======================================================================
▶ EVENT LOG :: [TRAIN] :: [Epoch summary] :: epoch= 8

----------------------------------------------------------------------
		Message     : Epoch average loss=0.024, average mrr=0.9920, average accuracy@5=0.9972.   loss_temp=0.061 

		Event elapsed time: 73.24 seconds
		CPU Memory  : 1663.7 MB
		GPU MEMORY STATS: free/total = 1944.8/24091.8MB - allocated/peak allocated = 1670.6/16418.0MB - reserved/peak reserved = 19856.0/19856.0MB
----------------------------------------------------------------------
■ EVENT LOG END :: Epoch summary
======================================================================


======================================================================
▶ EVENT LOG :: [TRAIN] :: [FAISS BUILD] :: epoch= 9

----------------------------------------------------------------------
		Message     : FAISS built from dictionary embs 

		Event elapsed time: 20.17 seconds
		CPU Memory  : 1665.5 MB
		GPU MEMORY STATS: free/total = 16378.8/24091.8MB - allocated/peak allocated = 1670.6/12902.6MB - reserved/peak reserved = 5422.0/19822.0MB
----------------------------------------------------------------------
■ EVENT LOG END :: FAISS BUILD
======================================================================


======================================================================
▶ EVENT LOG :: [TRAIN] :: [FAISS SEARCH]

----------------------------------------------------------------------
		Message     : FAISS searched the candidates and resulted candidates_idxs with shape=(4561, 20) 

		Event elapsed time: 1.20 seconds
		CPU Memory  : 1665.5 MB
		GPU MEMORY STATS: free/total = 1978.8/24091.8MB - allocated/peak allocated = 1670.6/12902.6MB - reserved/peak reserved = 19822.0/19822.0MB
----------------------------------------------------------------------
■ EVENT LOG END :: FAISS SEARCH
======================================================================


======================================================================
▶ EVENT LOG :: [TRAIN] :: [Faiss recall@20] :: epoch= 9

----------------------------------------------------------------------
		Message     : 0.9393 

----------------------------------------------------------------------
■ EVENT LOG END :: Faiss recall@20
======================================================================


======================================================================
▶ EVENT LOG :: [TRAIN] :: [Epoch summary] :: epoch= 9

----------------------------------------------------------------------
		Message     : Epoch average loss=0.016, average mrr=0.9930, average accuracy@5=0.9990.   loss_temp=0.054 

		Event elapsed time: 73.15 seconds
		CPU Memory  : 1665.5 MB
		GPU MEMORY STATS: free/total = 1944.8/24091.8MB - allocated/peak allocated = 1670.6/16418.0MB - reserved/peak reserved = 19856.0/19856.0MB
----------------------------------------------------------------------
■ EVENT LOG END :: Epoch summary
======================================================================


======================================================================
▶ EVENT LOG :: [TRAIN] :: [FAISS BUILD] :: epoch= 10

----------------------------------------------------------------------
		Message     : FAISS built from dictionary embs 

		Event elapsed time: 20.18 seconds
		CPU Memory  : 1666.8 MB
		GPU MEMORY STATS: free/total = 16378.8/24091.8MB - allocated/peak allocated = 1670.6/12902.6MB - reserved/peak reserved = 5422.0/19822.0MB
----------------------------------------------------------------------
■ EVENT LOG END :: FAISS BUILD
======================================================================


======================================================================
▶ EVENT LOG :: [TRAIN] :: [FAISS SEARCH]

----------------------------------------------------------------------
		Message     : FAISS searched the candidates and resulted candidates_idxs with shape=(4561, 20) 

		Event elapsed time: 1.17 seconds
		CPU Memory  : 1666.8 MB
		GPU MEMORY STATS: free/total = 1978.8/24091.8MB - allocated/peak allocated = 1670.6/12902.6MB - reserved/peak reserved = 19822.0/19822.0MB
----------------------------------------------------------------------
■ EVENT LOG END :: FAISS SEARCH
======================================================================


======================================================================
▶ EVENT LOG :: [TRAIN] :: [Faiss recall@20] :: epoch= 10

----------------------------------------------------------------------
		Message     : 0.9393 

----------------------------------------------------------------------
■ EVENT LOG END :: Faiss recall@20
======================================================================


======================================================================
▶ EVENT LOG :: [TRAIN] :: [Epoch summary] :: epoch= 10

----------------------------------------------------------------------
		Message     : Epoch average loss=0.011, average mrr=0.9938, average accuracy@5=1.0000.   loss_temp=0.050 

		Event elapsed time: 71.99 seconds
		CPU Memory  : 1666.8 MB
		GPU MEMORY STATS: free/total = 1944.8/24091.8MB - allocated/peak allocated = 1670.6/16418.0MB - reserved/peak reserved = 19856.0/19856.0MB
----------------------------------------------------------------------
■ EVENT LOG END :: Epoch summary
======================================================================


======================================================================
▶ EVENT LOG :: [TRAIN] :: [Train finished]

----------------------------------------------------------------------
		Event elapsed time: 860.93 seconds
----------------------------------------------------------------------
■ EVENT LOG END :: Train finished
======================================================================


======================================================================
▶ EVENT LOG :: [TRAIN] :: [Main info: ]

----------------------------------------------------------------------
		Message     : {'id': 1, 'start_time': '2025-11-24_02-49-21', 'train_started': True, 'finished': True, 'log_details_file': './logs/log_1_2025-11-24_02-49-21.log', 'end_date': '2025-11-24_03-12-51', 'training_log_name': 'small dictionary without annotation and without injecting', 'queries_size': 4561, 'dictionary_size': 90599, 'trained_period': '0h, 14mins, 18secs', 'epochs': 10, 'last_faiss_recall@15': 0.9392677044507783, 'last_avg_acc_5': 1.0, 'last_avg_mrr': 0.9937660896795512, 'last_avg_loss': 0.011228935965655374, 'result_encoder_dir': './output/encoder_1/'} 

----------------------------------------------------------------------
■ EVENT LOG END :: Main info: 
======================================================================


======================================================================
▶ EVENT LOG :: [eval] :: [Faiss recall@20]

----------------------------------------------------------------------
		Message     : 0.9264 

----------------------------------------------------------------------
■ EVENT LOG END :: Faiss recall@20
======================================================================


======================================================================
▶ EVENT LOG :: [eval] :: [Evaluation results]

----------------------------------------------------------------------
		Message     : Average Loss: 0.2838 
  Mean Reciprocal Rank (MRR): 0.9770 
  

----------------------------------------------------------------------
■ EVENT LOG END :: Evaluation results
======================================================================


======================================================================
▶ EVENT LOG :: [eval] :: [Evaluation  accuracy results]

----------------------------------------------------------------------
		Message     :      acc@1: 0.9654
     acc@2: 0.9822
     acc@4: 0.9886
     acc@5: 0.9906
     acc@7: 0.9933
    acc@10: 0.9970
    acc@12: 0.9970
    acc@15: 0.9989
    acc@17: 0.9989
    acc@20: 1.0000 

----------------------------------------------------------------------
■ EVENT LOG END :: Evaluation  accuracy results
======================================================================


======================================================================
▶ EVENT LOG :: [eval] :: [Faiss recall@20]

----------------------------------------------------------------------
		Message     : 0.9367 

----------------------------------------------------------------------
■ EVENT LOG END :: Faiss recall@20
======================================================================


======================================================================
▶ EVENT LOG :: [eval] :: [Evaluation results]

----------------------------------------------------------------------
		Message     : Average Loss: 0.2315 
  Mean Reciprocal Rank (MRR): 0.9904 
  

----------------------------------------------------------------------
■ EVENT LOG END :: Evaluation results
======================================================================


======================================================================
▶ EVENT LOG :: [eval] :: [Evaluation  accuracy results]

----------------------------------------------------------------------
		Message     :      acc@1: 0.9833
     acc@2: 0.9959
     acc@4: 0.9976
     acc@5: 0.9982
     acc@7: 0.9987
    acc@10: 0.9994
    acc@12: 0.9994
    acc@15: 0.9998
    acc@17: 0.9998
    acc@20: 1.0000 

----------------------------------------------------------------------
■ EVENT LOG END :: Evaluation  accuracy results
======================================================================

