
======================================================================
▶ EVENT LOG :: [TRAIN] :: [FAISS BUILD] :: epoch= 1

----------------------------------------------------------------------
		Message     : FAISS built from dictionary embs 

		Event elapsed time: 119.54 seconds
		CPU Memory  : 1573.6 MB
		GPU MEMORY STATS: free/total = 21582.8/24091.8MB - allocated/peak allocated = 426.3/7365.4MB - reserved/peak reserved = 468.0/10372.0MB
----------------------------------------------------------------------
■ EVENT LOG END :: FAISS BUILD
======================================================================


======================================================================
▶ EVENT LOG :: [TRAIN] :: [FAISS SEARCH]

----------------------------------------------------------------------
		Message     : FAISS searched the candidates and resulted candidates_idxs with shape=(127672, 20) 

		Event elapsed time: 20.68 seconds
		CPU Memory  : 1723.4 MB
		GPU MEMORY STATS: free/total = 11680.8/24091.8MB - allocated/peak allocated = 426.3/7366.3MB - reserved/peak reserved = 10370.0/10372.0MB
----------------------------------------------------------------------
■ EVENT LOG END :: FAISS SEARCH
======================================================================


======================================================================
▶ EVENT LOG :: [TRAIN] :: [Faiss recall@20] :: epoch= 1

----------------------------------------------------------------------
		Message     : 0.1614 

----------------------------------------------------------------------
■ EVENT LOG END :: Faiss recall@20
======================================================================


======================================================================
▶ EVENT LOG :: [TRAIN] :: [FAISS BUILD] :: epoch= 1

----------------------------------------------------------------------
		Message     : FAISS built from dictionary embs 

		Event elapsed time: 120.31 seconds
		CPU Memory  : 1570.9 MB
		GPU MEMORY STATS: free/total = 21582.8/24091.8MB - allocated/peak allocated = 426.3/7365.4MB - reserved/peak reserved = 468.0/10372.0MB
----------------------------------------------------------------------
■ EVENT LOG END :: FAISS BUILD
======================================================================


======================================================================
▶ EVENT LOG :: [TRAIN] :: [FAISS SEARCH]

----------------------------------------------------------------------
		Message     : FAISS searched the candidates and resulted candidates_idxs with shape=(127672, 20) 

		Event elapsed time: 20.61 seconds
		CPU Memory  : 1718.8 MB
		GPU MEMORY STATS: free/total = 11680.8/24091.8MB - allocated/peak allocated = 426.3/7366.3MB - reserved/peak reserved = 10370.0/10372.0MB
----------------------------------------------------------------------
■ EVENT LOG END :: FAISS SEARCH
======================================================================


======================================================================
▶ EVENT LOG :: [TRAIN] :: [Faiss recall@20] :: epoch= 1

----------------------------------------------------------------------
		Message     : 0.2030 

----------------------------------------------------------------------
■ EVENT LOG END :: Faiss recall@20
======================================================================

